2021-07-28 20:30:46,684 - E:\雷博书\MOT\model\BaseModule.py[line:218] - DEBUG: p.size torch.Size([8, 4, 19, 34, 6])
2021-07-28 20:30:46,691 - E:\雷博书\MOT\model\BaseModule.py[line:452] - DEBUG: gt_index shape torch.Size([0]); gt_index_map shape torch.Size([0]); gt_boxes shape torch.Size([1, 4])
2021-07-28 20:30:46,697 - E:\雷博书\MOT\model\BaseModule.py[line:452] - DEBUG: gt_index shape torch.Size([0]); gt_index_map shape torch.Size([0]); gt_boxes shape torch.Size([1, 4])
2021-07-28 20:30:46,702 - E:\雷博书\MOT\model\BaseModule.py[line:452] - DEBUG: gt_index shape torch.Size([0]); gt_index_map shape torch.Size([0]); gt_boxes shape torch.Size([1, 4])
2021-07-28 20:30:46,706 - E:\雷博书\MOT\model\BaseModule.py[line:452] - DEBUG: gt_index shape torch.Size([0]); gt_index_map shape torch.Size([0]); gt_boxes shape torch.Size([1, 4])
2021-07-28 20:30:46,715 - E:\雷博书\MOT\model\BaseModule.py[line:452] - DEBUG: gt_index shape torch.Size([0]); gt_index_map shape torch.Size([0]); gt_boxes shape torch.Size([1, 4])
2021-07-28 20:30:46,720 - E:\雷博书\MOT\model\BaseModule.py[line:452] - DEBUG: gt_index shape torch.Size([0]); gt_index_map shape torch.Size([0]); gt_boxes shape torch.Size([1, 4])
2021-07-28 20:30:46,724 - E:\雷博书\MOT\model\BaseModule.py[line:452] - DEBUG: gt_index shape torch.Size([0]); gt_index_map shape torch.Size([0]); gt_boxes shape torch.Size([1, 4])
2021-07-28 20:30:46,729 - E:\雷博书\MOT\model\BaseModule.py[line:452] - DEBUG: gt_index shape torch.Size([0]); gt_index_map shape torch.Size([0]); gt_boxes shape torch.Size([1, 4])
2021-07-28 20:30:46,729 - E:\雷博书\MOT\model\BaseModule.py[line:229] - DEBUG: tconf.size torch.Size([8, 4, 19, 34])
2021-07-28 20:30:46,733 - E:\雷博书\MOT\model\BaseModule.py[line:218] - DEBUG: p.size torch.Size([8, 4, 38, 68, 6])
2021-07-28 20:30:46,744 - E:\雷博书\MOT\model\BaseModule.py[line:452] - DEBUG: gt_index shape torch.Size([0]); gt_index_map shape torch.Size([0]); gt_boxes shape torch.Size([1, 4])
2021-07-28 20:30:46,750 - E:\雷博书\MOT\model\BaseModule.py[line:452] - DEBUG: gt_index shape torch.Size([0]); gt_index_map shape torch.Size([0]); gt_boxes shape torch.Size([1, 4])
2021-07-28 20:30:46,755 - E:\雷博书\MOT\model\BaseModule.py[line:452] - DEBUG: gt_index shape torch.Size([0]); gt_index_map shape torch.Size([0]); gt_boxes shape torch.Size([1, 4])
2021-07-28 20:30:46,761 - E:\雷博书\MOT\model\BaseModule.py[line:452] - DEBUG: gt_index shape torch.Size([0]); gt_index_map shape torch.Size([0]); gt_boxes shape torch.Size([1, 4])
2021-07-28 20:30:46,766 - E:\雷博书\MOT\model\BaseModule.py[line:452] - DEBUG: gt_index shape torch.Size([0]); gt_index_map shape torch.Size([0]); gt_boxes shape torch.Size([1, 4])
2021-07-28 20:30:46,776 - E:\雷博书\MOT\model\BaseModule.py[line:452] - DEBUG: gt_index shape torch.Size([0]); gt_index_map shape torch.Size([0]); gt_boxes shape torch.Size([1, 4])
2021-07-28 20:30:46,781 - E:\雷博书\MOT\model\BaseModule.py[line:452] - DEBUG: gt_index shape torch.Size([0]); gt_index_map shape torch.Size([0]); gt_boxes shape torch.Size([1, 4])
2021-07-28 20:30:46,786 - E:\雷博书\MOT\model\BaseModule.py[line:452] - DEBUG: gt_index shape torch.Size([0]); gt_index_map shape torch.Size([0]); gt_boxes shape torch.Size([1, 4])
2021-07-28 20:30:46,787 - E:\雷博书\MOT\model\BaseModule.py[line:229] - DEBUG: tconf.size torch.Size([8, 4, 38, 68])
2021-07-28 20:30:46,791 - E:\雷博书\MOT\model\BaseModule.py[line:218] - DEBUG: p.size torch.Size([8, 4, 76, 136, 6])
2021-07-28 20:30:46,807 - E:\雷博书\MOT\model\BaseModule.py[line:452] - DEBUG: gt_index shape torch.Size([0]); gt_index_map shape torch.Size([0]); gt_boxes shape torch.Size([1, 4])
2021-07-28 20:30:46,812 - E:\雷博书\MOT\model\BaseModule.py[line:452] - DEBUG: gt_index shape torch.Size([0]); gt_index_map shape torch.Size([0]); gt_boxes shape torch.Size([1, 4])
2021-07-28 20:30:46,818 - E:\雷博书\MOT\model\BaseModule.py[line:452] - DEBUG: gt_index shape torch.Size([0]); gt_index_map shape torch.Size([0]); gt_boxes shape torch.Size([1, 4])
2021-07-28 20:30:46,824 - E:\雷博书\MOT\model\BaseModule.py[line:452] - DEBUG: gt_index shape torch.Size([0]); gt_index_map shape torch.Size([0]); gt_boxes shape torch.Size([1, 4])
2021-07-28 20:30:46,828 - E:\雷博书\MOT\model\BaseModule.py[line:452] - DEBUG: gt_index shape torch.Size([0]); gt_index_map shape torch.Size([0]); gt_boxes shape torch.Size([1, 4])
2021-07-28 20:30:46,838 - E:\雷博书\MOT\model\BaseModule.py[line:452] - DEBUG: gt_index shape torch.Size([0]); gt_index_map shape torch.Size([0]); gt_boxes shape torch.Size([1, 4])
2021-07-28 20:30:46,842 - E:\雷博书\MOT\model\BaseModule.py[line:452] - DEBUG: gt_index shape torch.Size([0]); gt_index_map shape torch.Size([0]); gt_boxes shape torch.Size([1, 4])
2021-07-28 20:30:46,846 - E:\雷博书\MOT\model\BaseModule.py[line:452] - DEBUG: gt_index shape torch.Size([0]); gt_index_map shape torch.Size([0]); gt_boxes shape torch.Size([1, 4])
2021-07-28 20:30:46,847 - E:\雷博书\MOT\model\BaseModule.py[line:229] - DEBUG: tconf.size torch.Size([8, 4, 76, 136])
2021-07-28 20:33:16,653 - E:\雷博书\MOT\tracker\tracker.py[line:210] - INFO: ===========Frame 2==========
2021-07-28 20:33:16,656 - E:\雷博书\MOT\tracker\tracker.py[line:211] - INFO: Activated: [1, 2, 3, 4, 5, 6, 7, 8, 9, 10, 11, 12, 13, 14, 15, 16, 17, 18, 19, 20, 21, 22, 23, 24, 25, 26, 27, 28, 29, 30, 31, 32, 33, 34, 35, 36, 37, 38, 39, 40, 41, 42, 43, 44, 45, 46, 47, 48, 49, 50]
2021-07-28 20:33:16,658 - E:\雷博书\MOT\tracker\tracker.py[line:212] - INFO: Refind: []
2021-07-28 20:33:16,660 - E:\雷博书\MOT\tracker\tracker.py[line:213] - INFO: Lost: []
2021-07-28 20:33:16,663 - E:\雷博书\MOT\tracker\tracker.py[line:214] - INFO: Removed: []
2021-07-28 20:33:37,337 - E:\雷博书\MOT\tracker\tracker.py[line:210] - INFO: ===========Frame 3==========
2021-07-28 20:33:37,339 - E:\雷博书\MOT\tracker\tracker.py[line:211] - INFO: Activated: [1, 2, 3, 4, 5, 6, 7, 8, 9, 10, 11, 12, 13, 14, 15, 16, 17, 18, 19, 20, 21, 22, 23, 24, 25, 26, 27, 28, 29, 30, 31, 32, 33, 34, 35, 36, 37, 38, 39, 40, 41, 42, 43, 44, 45, 46, 47, 48, 49, 50]
2021-07-28 20:33:37,341 - E:\雷博书\MOT\tracker\tracker.py[line:212] - INFO: Refind: []
2021-07-28 20:33:37,343 - E:\雷博书\MOT\tracker\tracker.py[line:213] - INFO: Lost: []
2021-07-28 20:33:37,345 - E:\雷博书\MOT\tracker\tracker.py[line:214] - INFO: Removed: []
2021-07-28 20:33:42,656 - E:\雷博书\MOT\tracker\tracker.py[line:210] - INFO: ===========Frame 4==========
2021-07-28 20:33:42,660 - E:\雷博书\MOT\tracker\tracker.py[line:211] - INFO: Activated: [1, 2, 3, 4, 5, 6, 7, 8, 9, 10, 11, 12, 13, 14, 15, 16, 17, 18, 19, 20, 21, 22, 23, 24, 25, 26, 27, 28, 29, 30, 31, 32, 33, 34, 35, 36, 37, 38, 39, 40, 41, 42, 43, 44, 45, 46, 47, 48, 49, 50]
2021-07-28 20:33:42,662 - E:\雷博书\MOT\tracker\tracker.py[line:212] - INFO: Refind: []
2021-07-28 20:33:42,664 - E:\雷博书\MOT\tracker\tracker.py[line:213] - INFO: Lost: []
2021-07-28 20:33:42,665 - E:\雷博书\MOT\tracker\tracker.py[line:214] - INFO: Removed: []
2021-07-28 20:36:18,433 - E:\雷博书\MOT\tracker\tracker.py[line:210] - INFO: ===========Frame 2==========
2021-07-28 20:36:18,434 - E:\雷博书\MOT\tracker\tracker.py[line:211] - INFO: Activated: [1, 2, 3, 4, 5, 6, 7, 8, 9, 10, 11, 12, 13, 14, 15, 16, 17, 18, 19, 20, 21, 22, 23, 24, 25, 26, 27, 28, 29, 30, 31, 32, 33, 34, 35, 36, 37, 38, 39, 40, 41, 42, 43, 44, 45, 46, 47, 48, 49, 50]
2021-07-28 20:36:18,436 - E:\雷博书\MOT\tracker\tracker.py[line:212] - INFO: Refind: []
2021-07-28 20:36:18,437 - E:\雷博书\MOT\tracker\tracker.py[line:213] - INFO: Lost: []
2021-07-28 20:36:18,439 - E:\雷博书\MOT\tracker\tracker.py[line:214] - INFO: Removed: []
2021-07-28 20:36:18,652 - E:\雷博书\MOT\tracker\tracker.py[line:210] - INFO: ===========Frame 3==========
2021-07-28 20:36:18,653 - E:\雷博书\MOT\tracker\tracker.py[line:211] - INFO: Activated: [1, 2, 3, 4, 5, 6, 7, 8, 9, 10, 11, 12, 13, 14, 15, 16, 17, 18, 19, 20, 21, 22, 23, 24, 25, 26, 27, 28, 29, 30, 31, 32, 33, 34, 35, 36, 37, 38, 39, 40, 41, 42, 43, 44, 45, 46, 47, 48, 49, 50]
2021-07-28 20:36:18,655 - E:\雷博书\MOT\tracker\tracker.py[line:212] - INFO: Refind: []
2021-07-28 20:36:18,656 - E:\雷博书\MOT\tracker\tracker.py[line:213] - INFO: Lost: []
2021-07-28 20:36:18,657 - E:\雷博书\MOT\tracker\tracker.py[line:214] - INFO: Removed: []
2021-07-28 20:36:18,855 - E:\雷博书\MOT\tracker\tracker.py[line:210] - INFO: ===========Frame 4==========
2021-07-28 20:36:18,857 - E:\雷博书\MOT\tracker\tracker.py[line:211] - INFO: Activated: [1, 2, 3, 4, 5, 6, 7, 8, 9, 10, 11, 12, 13, 14, 15, 16, 17, 18, 19, 20, 21, 22, 23, 24, 25, 26, 27, 28, 29, 30, 31, 32, 33, 34, 35, 36, 37, 38, 39, 40, 41, 42, 43, 44, 45, 46, 47, 48, 49, 50]
2021-07-28 20:36:18,858 - E:\雷博书\MOT\tracker\tracker.py[line:212] - INFO: Refind: []
2021-07-28 20:36:18,859 - E:\雷博书\MOT\tracker\tracker.py[line:213] - INFO: Lost: []
2021-07-28 20:36:18,861 - E:\雷博书\MOT\tracker\tracker.py[line:214] - INFO: Removed: []
2021-07-28 20:51:57,879 - E:\雷博书\MOT\tracker\tracker.py[line:210] - INFO: ===========Frame 2==========
2021-07-28 20:51:57,880 - E:\雷博书\MOT\tracker\tracker.py[line:211] - INFO: Activated: [1, 2, 3, 4, 5, 6, 7, 8, 9, 10, 11, 12, 13, 14, 15, 16, 17, 18, 19, 20, 21, 22, 23, 24, 25, 26, 27, 28, 29, 30, 31, 32, 33, 34, 35, 36, 37, 38, 39, 40, 41, 42, 43, 44, 45, 46, 47, 48, 49, 50]
2021-07-28 20:51:57,881 - E:\雷博书\MOT\tracker\tracker.py[line:212] - INFO: Refind: []
2021-07-28 20:51:57,883 - E:\雷博书\MOT\tracker\tracker.py[line:213] - INFO: Lost: []
2021-07-28 20:51:57,884 - E:\雷博书\MOT\tracker\tracker.py[line:214] - INFO: Removed: []
2021-07-28 20:51:58,095 - E:\雷博书\MOT\tracker\tracker.py[line:210] - INFO: ===========Frame 3==========
2021-07-28 20:51:58,096 - E:\雷博书\MOT\tracker\tracker.py[line:211] - INFO: Activated: [1, 2, 3, 4, 5, 6, 7, 8, 9, 10, 11, 12, 13, 14, 15, 16, 17, 18, 19, 20, 21, 22, 23, 24, 25, 26, 27, 28, 29, 30, 31, 32, 33, 34, 35, 36, 37, 38, 39, 40, 41, 42, 43, 44, 45, 46, 47, 48, 49, 50]
2021-07-28 20:51:58,097 - E:\雷博书\MOT\tracker\tracker.py[line:212] - INFO: Refind: []
2021-07-28 20:51:58,098 - E:\雷博书\MOT\tracker\tracker.py[line:213] - INFO: Lost: []
2021-07-28 20:51:58,099 - E:\雷博书\MOT\tracker\tracker.py[line:214] - INFO: Removed: []
2021-07-28 20:51:58,299 - E:\雷博书\MOT\tracker\tracker.py[line:210] - INFO: ===========Frame 4==========
2021-07-28 20:51:58,300 - E:\雷博书\MOT\tracker\tracker.py[line:211] - INFO: Activated: [1, 2, 3, 4, 5, 6, 7, 8, 9, 10, 11, 12, 13, 14, 15, 16, 17, 18, 19, 20, 21, 22, 23, 24, 25, 26, 27, 28, 29, 30, 31, 32, 33, 34, 35, 36, 37, 38, 39, 40, 41, 42, 43, 44, 45, 46, 47, 48, 49, 50]
2021-07-28 20:51:58,302 - E:\雷博书\MOT\tracker\tracker.py[line:212] - INFO: Refind: []
2021-07-28 20:51:58,303 - E:\雷博书\MOT\tracker\tracker.py[line:213] - INFO: Lost: []
2021-07-28 20:51:58,304 - E:\雷博书\MOT\tracker\tracker.py[line:214] - INFO: Removed: []
2021-07-28 20:53:10,954 - E:\雷博书\MOT\tracker\tracker.py[line:210] - INFO: ===========Frame 2==========
2021-07-28 20:53:10,956 - E:\雷博书\MOT\tracker\tracker.py[line:211] - INFO: Activated: [1, 2, 3, 4, 5, 6, 7, 8, 9, 10, 11, 12, 13, 14, 15, 16, 17, 18, 19, 20, 21, 22, 23, 24, 25, 26, 27, 28, 29, 30, 31, 32, 33, 34, 35, 36, 37, 38, 39, 40, 41, 42, 43, 44, 45, 46, 47, 48, 49, 50]
2021-07-28 20:53:10,957 - E:\雷博书\MOT\tracker\tracker.py[line:212] - INFO: Refind: []
2021-07-28 20:53:10,959 - E:\雷博书\MOT\tracker\tracker.py[line:213] - INFO: Lost: []
2021-07-28 20:53:10,960 - E:\雷博书\MOT\tracker\tracker.py[line:214] - INFO: Removed: []
2021-07-28 20:53:11,168 - E:\雷博书\MOT\tracker\tracker.py[line:210] - INFO: ===========Frame 3==========
2021-07-28 20:53:11,169 - E:\雷博书\MOT\tracker\tracker.py[line:211] - INFO: Activated: [1, 2, 3, 4, 5, 6, 7, 8, 9, 10, 11, 12, 13, 14, 15, 16, 17, 18, 19, 20, 21, 22, 23, 24, 25, 26, 27, 28, 29, 30, 31, 32, 33, 34, 35, 36, 37, 38, 39, 40, 41, 42, 43, 44, 45, 46, 47, 48, 49, 50]
2021-07-28 20:53:11,170 - E:\雷博书\MOT\tracker\tracker.py[line:212] - INFO: Refind: []
2021-07-28 20:53:11,172 - E:\雷博书\MOT\tracker\tracker.py[line:213] - INFO: Lost: []
2021-07-28 20:53:11,173 - E:\雷博书\MOT\tracker\tracker.py[line:214] - INFO: Removed: []
2021-07-28 20:53:11,374 - E:\雷博书\MOT\tracker\tracker.py[line:210] - INFO: ===========Frame 4==========
2021-07-28 20:53:11,375 - E:\雷博书\MOT\tracker\tracker.py[line:211] - INFO: Activated: [1, 2, 3, 4, 5, 6, 7, 8, 9, 10, 11, 12, 13, 14, 15, 16, 17, 18, 19, 20, 21, 22, 23, 24, 25, 26, 27, 28, 29, 30, 31, 32, 33, 34, 35, 36, 37, 38, 39, 40, 41, 42, 43, 44, 45, 46, 47, 48, 49, 50]
2021-07-28 20:53:11,376 - E:\雷博书\MOT\tracker\tracker.py[line:212] - INFO: Refind: []
2021-07-28 20:53:11,378 - E:\雷博书\MOT\tracker\tracker.py[line:213] - INFO: Lost: []
2021-07-28 20:53:11,379 - E:\雷博书\MOT\tracker\tracker.py[line:214] - INFO: Removed: []
2021-07-28 20:54:58,401 - E:\雷博书\MOT\tracker\tracker.py[line:210] - INFO: ===========Frame 2==========
2021-07-28 20:54:58,403 - E:\雷博书\MOT\tracker\tracker.py[line:211] - INFO: Activated: [1, 2, 3, 4, 5, 6, 7, 8, 9, 10, 11, 12, 13, 14, 15, 16, 17, 18, 19, 20, 21, 22, 23, 24, 25, 26, 27, 28, 29, 30, 31, 32, 33, 34, 35, 36, 37, 38, 39, 40, 41, 42, 43, 44, 45, 46, 47, 48, 49, 50]
2021-07-28 20:54:58,404 - E:\雷博书\MOT\tracker\tracker.py[line:212] - INFO: Refind: []
2021-07-28 20:54:58,405 - E:\雷博书\MOT\tracker\tracker.py[line:213] - INFO: Lost: []
2021-07-28 20:54:58,406 - E:\雷博书\MOT\tracker\tracker.py[line:214] - INFO: Removed: []
2021-07-28 20:54:58,594 - E:\雷博书\MOT\tracker\tracker.py[line:210] - INFO: ===========Frame 3==========
2021-07-28 20:54:58,595 - E:\雷博书\MOT\tracker\tracker.py[line:211] - INFO: Activated: [1, 2, 3, 4, 5, 6, 7, 8, 9, 10, 11, 12, 13, 14, 15, 16, 17, 18, 19, 20, 21, 22, 23, 24, 25, 26, 27, 28, 29, 30, 31, 32, 33, 34, 35, 36, 37, 38, 39, 40, 41, 42, 43, 44, 45, 46, 47, 48, 49, 50]
2021-07-28 20:54:58,596 - E:\雷博书\MOT\tracker\tracker.py[line:212] - INFO: Refind: []
2021-07-28 20:54:58,598 - E:\雷博书\MOT\tracker\tracker.py[line:213] - INFO: Lost: []
2021-07-28 20:54:58,599 - E:\雷博书\MOT\tracker\tracker.py[line:214] - INFO: Removed: []
2021-07-28 20:54:58,786 - E:\雷博书\MOT\tracker\tracker.py[line:210] - INFO: ===========Frame 4==========
2021-07-28 20:54:58,787 - E:\雷博书\MOT\tracker\tracker.py[line:211] - INFO: Activated: [1, 2, 3, 4, 5, 6, 7, 8, 9, 10, 11, 12, 13, 14, 15, 16, 17, 18, 19, 20, 21, 22, 23, 24, 25, 26, 27, 28, 29, 30, 31, 32, 33, 34, 35, 36, 37, 38, 39, 40, 41, 42, 43, 44, 45, 46, 47, 48, 49, 50]
2021-07-28 20:54:58,789 - E:\雷博书\MOT\tracker\tracker.py[line:212] - INFO: Refind: []
2021-07-28 20:54:58,790 - E:\雷博书\MOT\tracker\tracker.py[line:213] - INFO: Lost: []
2021-07-28 20:54:58,791 - E:\雷博书\MOT\tracker\tracker.py[line:214] - INFO: Removed: []
2021-07-28 20:57:51,420 - E:\雷博书\MOT\tracker\tracker.py[line:210] - INFO: ===========Frame 2==========
2021-07-28 20:57:51,421 - E:\雷博书\MOT\tracker\tracker.py[line:211] - INFO: Activated: [1, 2, 3, 4, 5, 6, 7, 8, 9, 10, 11, 12, 13, 14, 15, 16, 17, 18, 19, 20, 21, 22, 23, 24, 25, 26, 27, 28, 29, 30, 31, 32, 33, 34, 35, 36, 37, 38, 39, 40, 41, 42, 43, 44, 45, 46, 47, 48, 49, 50]
2021-07-28 20:57:51,423 - E:\雷博书\MOT\tracker\tracker.py[line:212] - INFO: Refind: []
2021-07-28 20:57:51,424 - E:\雷博书\MOT\tracker\tracker.py[line:213] - INFO: Lost: []
2021-07-28 20:57:51,425 - E:\雷博书\MOT\tracker\tracker.py[line:214] - INFO: Removed: []
2021-07-28 20:57:51,620 - E:\雷博书\MOT\tracker\tracker.py[line:210] - INFO: ===========Frame 3==========
2021-07-28 20:57:51,621 - E:\雷博书\MOT\tracker\tracker.py[line:211] - INFO: Activated: [1, 2, 3, 4, 5, 6, 7, 8, 9, 10, 11, 12, 13, 14, 15, 16, 17, 18, 19, 20, 21, 22, 23, 24, 25, 26, 27, 28, 29, 30, 31, 32, 33, 34, 35, 36, 37, 38, 39, 40, 41, 42, 43, 44, 45, 46, 47, 48, 49, 50]
2021-07-28 20:57:51,622 - E:\雷博书\MOT\tracker\tracker.py[line:212] - INFO: Refind: []
2021-07-28 20:57:51,624 - E:\雷博书\MOT\tracker\tracker.py[line:213] - INFO: Lost: []
2021-07-28 20:57:51,625 - E:\雷博书\MOT\tracker\tracker.py[line:214] - INFO: Removed: []
2021-07-28 20:57:51,815 - E:\雷博书\MOT\tracker\tracker.py[line:210] - INFO: ===========Frame 4==========
2021-07-28 20:57:51,817 - E:\雷博书\MOT\tracker\tracker.py[line:211] - INFO: Activated: [1, 2, 3, 4, 5, 6, 7, 8, 9, 10, 11, 12, 13, 14, 15, 16, 17, 18, 19, 20, 21, 22, 23, 24, 25, 26, 27, 28, 29, 30, 31, 32, 33, 34, 35, 36, 37, 38, 39, 40, 41, 42, 43, 44, 45, 46, 47, 48, 49, 50]
2021-07-28 20:57:51,818 - E:\雷博书\MOT\tracker\tracker.py[line:212] - INFO: Refind: []
2021-07-28 20:57:51,819 - E:\雷博书\MOT\tracker\tracker.py[line:213] - INFO: Lost: []
2021-07-28 20:57:51,820 - E:\雷博书\MOT\tracker\tracker.py[line:214] - INFO: Removed: []
2021-07-28 21:00:09,465 - E:\雷博书\MOT\tracker\tracker.py[line:210] - INFO: ===========Frame 2==========
2021-07-28 21:00:09,467 - E:\雷博书\MOT\tracker\tracker.py[line:211] - INFO: Activated: [1, 2, 3, 4, 5, 6, 7, 8, 9, 10, 11, 12, 13, 14, 15, 16, 17, 18, 19, 20, 21, 22, 23, 24, 25, 26, 27, 28, 29, 30, 31, 32, 33, 34, 35, 36, 37, 38, 39, 40, 41, 42, 43, 44, 45, 46, 47, 48, 49, 50]
2021-07-28 21:00:09,468 - E:\雷博书\MOT\tracker\tracker.py[line:212] - INFO: Refind: []
2021-07-28 21:00:09,470 - E:\雷博书\MOT\tracker\tracker.py[line:213] - INFO: Lost: []
2021-07-28 21:00:09,471 - E:\雷博书\MOT\tracker\tracker.py[line:214] - INFO: Removed: []
2021-07-28 21:00:09,662 - E:\雷博书\MOT\tracker\tracker.py[line:210] - INFO: ===========Frame 3==========
2021-07-28 21:00:09,664 - E:\雷博书\MOT\tracker\tracker.py[line:211] - INFO: Activated: [1, 2, 3, 4, 5, 6, 7, 8, 9, 10, 11, 12, 13, 14, 15, 16, 17, 18, 19, 20, 21, 22, 23, 24, 25, 26, 27, 28, 29, 30, 31, 32, 33, 34, 35, 36, 37, 38, 39, 40, 41, 42, 43, 44, 45, 46, 47, 48, 49, 50]
2021-07-28 21:00:09,665 - E:\雷博书\MOT\tracker\tracker.py[line:212] - INFO: Refind: []
2021-07-28 21:00:09,666 - E:\雷博书\MOT\tracker\tracker.py[line:213] - INFO: Lost: []
2021-07-28 21:00:09,667 - E:\雷博书\MOT\tracker\tracker.py[line:214] - INFO: Removed: []
2021-07-28 21:00:09,866 - E:\雷博书\MOT\tracker\tracker.py[line:210] - INFO: ===========Frame 4==========
2021-07-28 21:00:09,868 - E:\雷博书\MOT\tracker\tracker.py[line:211] - INFO: Activated: [1, 2, 3, 4, 5, 6, 7, 8, 9, 10, 11, 12, 13, 14, 15, 16, 17, 18, 19, 20, 21, 22, 23, 24, 25, 26, 27, 28, 29, 30, 31, 32, 33, 34, 35, 36, 37, 38, 39, 40, 41, 42, 43, 44, 45, 46, 47, 48, 49, 50]
2021-07-28 21:00:09,869 - E:\雷博书\MOT\tracker\tracker.py[line:212] - INFO: Refind: []
2021-07-28 21:00:09,870 - E:\雷博书\MOT\tracker\tracker.py[line:213] - INFO: Lost: []
2021-07-28 21:00:09,871 - E:\雷博书\MOT\tracker\tracker.py[line:214] - INFO: Removed: []
2021-07-28 21:03:22,732 - E:\雷博书\MOT\tracker\tracker.py[line:210] - INFO: ===========Frame 2==========
2021-07-28 21:03:22,734 - E:\雷博书\MOT\tracker\tracker.py[line:211] - INFO: Activated: [1, 2, 3, 4, 5, 6, 7, 8, 9, 10, 11, 12, 13, 14, 15, 16, 17, 18, 19, 20, 21, 22, 23, 24, 25, 26, 27, 28, 29, 30, 31, 32, 33, 34, 35, 36, 37, 38, 39, 40, 41, 42, 43, 44, 45, 46, 47, 48, 49, 50]
2021-07-28 21:03:22,735 - E:\雷博书\MOT\tracker\tracker.py[line:212] - INFO: Refind: []
2021-07-28 21:03:22,736 - E:\雷博书\MOT\tracker\tracker.py[line:213] - INFO: Lost: []
2021-07-28 21:03:22,738 - E:\雷博书\MOT\tracker\tracker.py[line:214] - INFO: Removed: []
2021-07-28 21:03:22,930 - E:\雷博书\MOT\tracker\tracker.py[line:210] - INFO: ===========Frame 3==========
2021-07-28 21:03:22,931 - E:\雷博书\MOT\tracker\tracker.py[line:211] - INFO: Activated: [1, 2, 3, 4, 5, 6, 7, 8, 9, 10, 11, 12, 13, 14, 15, 16, 17, 18, 19, 20, 21, 22, 23, 24, 25, 26, 27, 28, 29, 30, 31, 32, 33, 34, 35, 36, 37, 38, 39, 40, 41, 42, 43, 44, 45, 46, 47, 48, 49, 50]
2021-07-28 21:03:22,932 - E:\雷博书\MOT\tracker\tracker.py[line:212] - INFO: Refind: []
2021-07-28 21:03:22,934 - E:\雷博书\MOT\tracker\tracker.py[line:213] - INFO: Lost: []
2021-07-28 21:03:22,935 - E:\雷博书\MOT\tracker\tracker.py[line:214] - INFO: Removed: []
2021-07-28 21:03:23,135 - E:\雷博书\MOT\tracker\tracker.py[line:210] - INFO: ===========Frame 4==========
2021-07-28 21:03:23,136 - E:\雷博书\MOT\tracker\tracker.py[line:211] - INFO: Activated: [1, 2, 3, 4, 5, 6, 7, 8, 9, 10, 11, 12, 13, 14, 15, 16, 17, 18, 19, 20, 21, 22, 23, 24, 25, 26, 27, 28, 29, 30, 31, 32, 33, 34, 35, 36, 37, 38, 39, 40, 41, 42, 43, 44, 45, 46, 47, 48, 49, 50]
2021-07-28 21:03:23,137 - E:\雷博书\MOT\tracker\tracker.py[line:212] - INFO: Refind: []
2021-07-28 21:03:23,139 - E:\雷博书\MOT\tracker\tracker.py[line:213] - INFO: Lost: []
2021-07-28 21:03:23,140 - E:\雷博书\MOT\tracker\tracker.py[line:214] - INFO: Removed: []
2021-07-28 21:04:50,600 - E:\雷博书\MOT\tracker\tracker.py[line:210] - INFO: ===========Frame 2==========
2021-07-28 21:04:50,602 - E:\雷博书\MOT\tracker\tracker.py[line:211] - INFO: Activated: [1, 2, 3, 4, 5, 6, 7, 8, 9, 10, 11, 12, 13, 14, 15, 16, 17, 18, 19, 20, 21, 22, 23, 24, 25, 26, 27, 28, 29, 30, 31, 32, 33, 34, 35, 36, 37, 38, 39, 40, 41, 42, 43, 44, 45, 46, 47, 48, 49, 50]
2021-07-28 21:04:50,603 - E:\雷博书\MOT\tracker\tracker.py[line:212] - INFO: Refind: []
2021-07-28 21:04:50,604 - E:\雷博书\MOT\tracker\tracker.py[line:213] - INFO: Lost: []
2021-07-28 21:04:50,605 - E:\雷博书\MOT\tracker\tracker.py[line:214] - INFO: Removed: []
2021-07-28 21:04:50,794 - E:\雷博书\MOT\tracker\tracker.py[line:210] - INFO: ===========Frame 3==========
2021-07-28 21:04:50,796 - E:\雷博书\MOT\tracker\tracker.py[line:211] - INFO: Activated: [1, 2, 3, 4, 5, 6, 7, 8, 9, 10, 11, 12, 13, 14, 15, 16, 17, 18, 19, 20, 21, 22, 23, 24, 25, 26, 27, 28, 29, 30, 31, 32, 33, 34, 35, 36, 37, 38, 39, 40, 41, 42, 43, 44, 45, 46, 47, 48, 49, 50]
2021-07-28 21:04:50,797 - E:\雷博书\MOT\tracker\tracker.py[line:212] - INFO: Refind: []
2021-07-28 21:04:50,798 - E:\雷博书\MOT\tracker\tracker.py[line:213] - INFO: Lost: []
2021-07-28 21:04:50,799 - E:\雷博书\MOT\tracker\tracker.py[line:214] - INFO: Removed: []
2021-07-28 21:04:50,984 - E:\雷博书\MOT\tracker\tracker.py[line:210] - INFO: ===========Frame 4==========
2021-07-28 21:04:50,985 - E:\雷博书\MOT\tracker\tracker.py[line:211] - INFO: Activated: [1, 2, 3, 4, 5, 6, 7, 8, 9, 10, 11, 12, 13, 14, 15, 16, 17, 18, 19, 20, 21, 22, 23, 24, 25, 26, 27, 28, 29, 30, 31, 32, 33, 34, 35, 36, 37, 38, 39, 40, 41, 42, 43, 44, 45, 46, 47, 48, 49, 50]
2021-07-28 21:04:50,986 - E:\雷博书\MOT\tracker\tracker.py[line:212] - INFO: Refind: []
2021-07-28 21:04:50,987 - E:\雷博书\MOT\tracker\tracker.py[line:213] - INFO: Lost: []
2021-07-28 21:04:50,988 - E:\雷博书\MOT\tracker\tracker.py[line:214] - INFO: Removed: []
2021-07-28 21:06:11,816 - E:\雷博书\MOT\tracker\tracker.py[line:210] - INFO: ===========Frame 2==========
2021-07-28 21:06:11,817 - E:\雷博书\MOT\tracker\tracker.py[line:211] - INFO: Activated: [1, 2, 3, 4, 5, 6, 7, 8, 9, 10, 11, 12, 13, 14, 15, 16, 17, 18, 19, 20, 21, 22, 23, 24, 25, 26, 27, 28, 29, 30, 31, 32, 33, 34, 35, 36, 37, 38, 39, 40, 41, 42, 43, 44, 45, 46, 47, 48, 49, 50]
2021-07-28 21:06:11,819 - E:\雷博书\MOT\tracker\tracker.py[line:212] - INFO: Refind: []
2021-07-28 21:06:11,820 - E:\雷博书\MOT\tracker\tracker.py[line:213] - INFO: Lost: []
2021-07-28 21:06:11,821 - E:\雷博书\MOT\tracker\tracker.py[line:214] - INFO: Removed: []
2021-07-28 21:06:12,004 - E:\雷博书\MOT\tracker\tracker.py[line:210] - INFO: ===========Frame 3==========
2021-07-28 21:06:12,005 - E:\雷博书\MOT\tracker\tracker.py[line:211] - INFO: Activated: [1, 2, 3, 4, 5, 6, 7, 8, 9, 10, 11, 12, 13, 14, 15, 16, 17, 18, 19, 20, 21, 22, 23, 24, 25, 26, 27, 28, 29, 30, 31, 32, 33, 34, 35, 36, 37, 38, 39, 40, 41, 42, 43, 44, 45, 46, 47, 48, 49, 50]
2021-07-28 21:06:12,007 - E:\雷博书\MOT\tracker\tracker.py[line:212] - INFO: Refind: []
2021-07-28 21:06:12,008 - E:\雷博书\MOT\tracker\tracker.py[line:213] - INFO: Lost: []
2021-07-28 21:06:12,009 - E:\雷博书\MOT\tracker\tracker.py[line:214] - INFO: Removed: []
2021-07-28 21:06:12,197 - E:\雷博书\MOT\tracker\tracker.py[line:210] - INFO: ===========Frame 4==========
2021-07-28 21:06:12,198 - E:\雷博书\MOT\tracker\tracker.py[line:211] - INFO: Activated: [1, 2, 3, 4, 5, 6, 7, 8, 9, 10, 11, 12, 13, 14, 15, 16, 17, 18, 19, 20, 21, 22, 23, 24, 25, 26, 27, 28, 29, 30, 31, 32, 33, 34, 35, 36, 37, 38, 39, 40, 41, 42, 43, 44, 45, 46, 47, 48, 49, 50]
2021-07-28 21:06:12,199 - E:\雷博书\MOT\tracker\tracker.py[line:212] - INFO: Refind: []
2021-07-28 21:06:12,200 - E:\雷博书\MOT\tracker\tracker.py[line:213] - INFO: Lost: []
2021-07-28 21:06:12,201 - E:\雷博书\MOT\tracker\tracker.py[line:214] - INFO: Removed: []
2021-08-05 18:11:24,573 - E:\雷博书\MOT\tracker\tracker.py[line:210] - INFO: ===========Frame 2==========
2021-08-05 18:11:24,573 - E:\雷博书\MOT\tracker\tracker.py[line:211] - INFO: Activated: 9
2021-08-05 18:11:24,573 - E:\雷博书\MOT\tracker\tracker.py[line:212] - INFO: Refind: 0
2021-08-05 18:11:24,573 - E:\雷博书\MOT\tracker\tracker.py[line:213] - INFO: Lost: 41
2021-08-05 18:11:24,574 - E:\雷博书\MOT\tracker\tracker.py[line:214] - INFO: Removed: 0
2021-08-05 18:11:24,599 - E:\雷博书\MOT\tracker\tracker.py[line:210] - INFO: ===========Frame 3==========
2021-08-05 18:11:24,599 - E:\雷博书\MOT\tracker\tracker.py[line:211] - INFO: Activated: 9
2021-08-05 18:11:24,599 - E:\雷博书\MOT\tracker\tracker.py[line:212] - INFO: Refind: 3
2021-08-05 18:11:24,600 - E:\雷博书\MOT\tracker\tracker.py[line:213] - INFO: Lost: 0
2021-08-05 18:11:24,600 - E:\雷博书\MOT\tracker\tracker.py[line:214] - INFO: Removed: 0
2021-08-05 18:11:24,623 - E:\雷博书\MOT\tracker\tracker.py[line:210] - INFO: ===========Frame 4==========
2021-08-05 18:11:24,623 - E:\雷博书\MOT\tracker\tracker.py[line:211] - INFO: Activated: 9
2021-08-05 18:11:24,623 - E:\雷博书\MOT\tracker\tracker.py[line:212] - INFO: Refind: 2
2021-08-05 18:11:24,623 - E:\雷博书\MOT\tracker\tracker.py[line:213] - INFO: Lost: 3
2021-08-05 18:11:24,624 - E:\雷博书\MOT\tracker\tracker.py[line:214] - INFO: Removed: 0
2021-08-05 18:11:25,389 - E:\雷博书\MOT\tracker\tracker.py[line:210] - INFO: ===========Frame 5==========
2021-08-05 18:11:25,389 - E:\雷博书\MOT\tracker\tracker.py[line:211] - INFO: Activated: 1
2021-08-05 18:11:25,389 - E:\雷博书\MOT\tracker\tracker.py[line:212] - INFO: Refind: 3
2021-08-05 18:11:25,389 - E:\雷博书\MOT\tracker\tracker.py[line:213] - INFO: Lost: 10
2021-08-05 18:11:25,389 - E:\雷博书\MOT\tracker\tracker.py[line:214] - INFO: Removed: 0
2021-08-05 18:11:25,412 - E:\雷博书\MOT\tracker\tracker.py[line:210] - INFO: ===========Frame 6==========
2021-08-05 18:11:25,412 - E:\雷博书\MOT\tracker\tracker.py[line:211] - INFO: Activated: 2
2021-08-05 18:11:25,412 - E:\雷博书\MOT\tracker\tracker.py[line:212] - INFO: Refind: 13
2021-08-05 18:11:25,412 - E:\雷博书\MOT\tracker\tracker.py[line:213] - INFO: Lost: 2
2021-08-05 18:11:25,413 - E:\雷博书\MOT\tracker\tracker.py[line:214] - INFO: Removed: 0
2021-08-05 18:11:25,435 - E:\雷博书\MOT\tracker\tracker.py[line:210] - INFO: ===========Frame 7==========
2021-08-05 18:11:25,435 - E:\雷博书\MOT\tracker\tracker.py[line:211] - INFO: Activated: 2
2021-08-05 18:11:25,436 - E:\雷博书\MOT\tracker\tracker.py[line:212] - INFO: Refind: 11
2021-08-05 18:11:25,436 - E:\雷博书\MOT\tracker\tracker.py[line:213] - INFO: Lost: 13
2021-08-05 18:11:25,436 - E:\雷博书\MOT\tracker\tracker.py[line:214] - INFO: Removed: 0
2021-08-05 18:11:25,465 - E:\雷博书\MOT\tracker\tracker.py[line:210] - INFO: ===========Frame 8==========
2021-08-05 18:11:25,465 - E:\雷博书\MOT\tracker\tracker.py[line:211] - INFO: Activated: 11
2021-08-05 18:11:25,465 - E:\雷博书\MOT\tracker\tracker.py[line:212] - INFO: Refind: 14
2021-08-05 18:11:25,465 - E:\雷博书\MOT\tracker\tracker.py[line:213] - INFO: Lost: 2
2021-08-05 18:11:25,466 - E:\雷博书\MOT\tracker\tracker.py[line:214] - INFO: Removed: 0
2021-08-05 18:22:03,497 - E:\雷博书\MOT\tracker\tracker.py[line:210] - INFO: ===========Frame 2==========
2021-08-05 18:22:03,498 - E:\雷博书\MOT\tracker\tracker.py[line:211] - INFO: Activated: 16
2021-08-05 18:22:03,498 - E:\雷博书\MOT\tracker\tracker.py[line:212] - INFO: Refind: 0
2021-08-05 18:22:03,498 - E:\雷博书\MOT\tracker\tracker.py[line:213] - INFO: Lost: 34
2021-08-05 18:22:03,498 - E:\雷博书\MOT\tracker\tracker.py[line:214] - INFO: Removed: 0
2021-08-05 18:22:03,520 - E:\雷博书\MOT\tracker\tracker.py[line:210] - INFO: ===========Frame 3==========
2021-08-05 18:22:03,521 - E:\雷博书\MOT\tracker\tracker.py[line:211] - INFO: Activated: 4
2021-08-05 18:22:03,521 - E:\雷博书\MOT\tracker\tracker.py[line:212] - INFO: Refind: 4
2021-08-05 18:22:03,521 - E:\雷博书\MOT\tracker\tracker.py[line:213] - INFO: Lost: 12
2021-08-05 18:22:03,521 - E:\雷博书\MOT\tracker\tracker.py[line:214] - INFO: Removed: 0
2021-08-05 18:22:03,542 - E:\雷博书\MOT\tracker\tracker.py[line:210] - INFO: ===========Frame 4==========
2021-08-05 18:22:03,542 - E:\雷博书\MOT\tracker\tracker.py[line:211] - INFO: Activated: 3
2021-08-05 18:22:03,542 - E:\雷博书\MOT\tracker\tracker.py[line:212] - INFO: Refind: 4
2021-08-05 18:22:03,542 - E:\雷博书\MOT\tracker\tracker.py[line:213] - INFO: Lost: 5
2021-08-05 18:22:03,543 - E:\雷博书\MOT\tracker\tracker.py[line:214] - INFO: Removed: 0
2021-08-05 18:22:04,491 - E:\雷博书\MOT\tracker\tracker.py[line:210] - INFO: ===========Frame 5==========
2021-08-05 18:22:04,491 - E:\雷博书\MOT\tracker\tracker.py[line:211] - INFO: Activated: 2
2021-08-05 18:22:04,491 - E:\雷博书\MOT\tracker\tracker.py[line:212] - INFO: Refind: 8
2021-08-05 18:22:04,491 - E:\雷博书\MOT\tracker\tracker.py[line:213] - INFO: Lost: 5
2021-08-05 18:22:04,491 - E:\雷博书\MOT\tracker\tracker.py[line:214] - INFO: Removed: 0
2021-08-05 18:22:04,515 - E:\雷博书\MOT\tracker\tracker.py[line:210] - INFO: ===========Frame 6==========
2021-08-05 18:22:04,515 - E:\雷博书\MOT\tracker\tracker.py[line:211] - INFO: Activated: 3
2021-08-05 18:22:04,515 - E:\雷博书\MOT\tracker\tracker.py[line:212] - INFO: Refind: 13
2021-08-05 18:22:04,515 - E:\雷博书\MOT\tracker\tracker.py[line:213] - INFO: Lost: 7
2021-08-05 18:22:04,515 - E:\雷博书\MOT\tracker\tracker.py[line:214] - INFO: Removed: 0
2021-08-05 18:22:04,537 - E:\雷博书\MOT\tracker\tracker.py[line:210] - INFO: ===========Frame 7==========
2021-08-05 18:22:04,537 - E:\雷博书\MOT\tracker\tracker.py[line:211] - INFO: Activated: 4
2021-08-05 18:22:04,537 - E:\雷博书\MOT\tracker\tracker.py[line:212] - INFO: Refind: 5
2021-08-05 18:22:04,537 - E:\雷博书\MOT\tracker\tracker.py[line:213] - INFO: Lost: 12
2021-08-05 18:22:04,537 - E:\雷博书\MOT\tracker\tracker.py[line:214] - INFO: Removed: 0
2021-08-05 18:22:04,559 - E:\雷博书\MOT\tracker\tracker.py[line:210] - INFO: ===========Frame 8==========
2021-08-05 18:22:04,559 - E:\雷博书\MOT\tracker\tracker.py[line:211] - INFO: Activated: 4
2021-08-05 18:22:04,559 - E:\雷博书\MOT\tracker\tracker.py[line:212] - INFO: Refind: 3
2021-08-05 18:22:04,559 - E:\雷博书\MOT\tracker\tracker.py[line:213] - INFO: Lost: 5
2021-08-05 18:22:04,559 - E:\雷博书\MOT\tracker\tracker.py[line:214] - INFO: Removed: 0
2021-08-05 18:58:28,904 - E:\雷博书\MOT\tracker\tracker.py[line:213] - INFO: ===========Frame 2==========
2021-08-05 18:58:28,904 - E:\雷博书\MOT\tracker\tracker.py[line:214] - INFO: Activated: 19
2021-08-05 18:58:28,904 - E:\雷博书\MOT\tracker\tracker.py[line:215] - INFO: Refind: 0
2021-08-05 18:58:28,905 - E:\雷博书\MOT\tracker\tracker.py[line:216] - INFO: Lost: 31
2021-08-05 18:58:28,905 - E:\雷博书\MOT\tracker\tracker.py[line:217] - INFO: Removed: 0
2021-08-05 18:58:28,926 - E:\雷博书\MOT\tracker\tracker.py[line:213] - INFO: ===========Frame 3==========
2021-08-05 18:58:28,926 - E:\雷博书\MOT\tracker\tracker.py[line:214] - INFO: Activated: 4
2021-08-05 18:58:28,926 - E:\雷博书\MOT\tracker\tracker.py[line:215] - INFO: Refind: 2
2021-08-05 18:58:28,927 - E:\雷博书\MOT\tracker\tracker.py[line:216] - INFO: Lost: 15
2021-08-05 18:58:28,927 - E:\雷博书\MOT\tracker\tracker.py[line:217] - INFO: Removed: 0
2021-08-05 18:58:28,947 - E:\雷博书\MOT\tracker\tracker.py[line:213] - INFO: ===========Frame 4==========
2021-08-05 18:58:28,947 - E:\雷博书\MOT\tracker\tracker.py[line:214] - INFO: Activated: 2
2021-08-05 18:58:28,947 - E:\雷博书\MOT\tracker\tracker.py[line:215] - INFO: Refind: 8
2021-08-05 18:58:28,947 - E:\雷博书\MOT\tracker\tracker.py[line:216] - INFO: Lost: 4
2021-08-05 18:58:28,947 - E:\雷博书\MOT\tracker\tracker.py[line:217] - INFO: Removed: 0
2021-08-05 18:58:29,752 - E:\雷博书\MOT\tracker\tracker.py[line:213] - INFO: ===========Frame 5==========
2021-08-05 18:58:29,753 - E:\雷博书\MOT\tracker\tracker.py[line:214] - INFO: Activated: 1
2021-08-05 18:58:29,753 - E:\雷博书\MOT\tracker\tracker.py[line:215] - INFO: Refind: 4
2021-08-05 18:58:29,753 - E:\雷博书\MOT\tracker\tracker.py[line:216] - INFO: Lost: 9
2021-08-05 18:58:29,753 - E:\雷博书\MOT\tracker\tracker.py[line:217] - INFO: Removed: 0
2021-08-05 18:58:29,775 - E:\雷博书\MOT\tracker\tracker.py[line:213] - INFO: ===========Frame 6==========
2021-08-05 18:58:29,775 - E:\雷博书\MOT\tracker\tracker.py[line:214] - INFO: Activated: 4
2021-08-05 18:58:29,776 - E:\雷博书\MOT\tracker\tracker.py[line:215] - INFO: Refind: 18
2021-08-05 18:58:29,776 - E:\雷博书\MOT\tracker\tracker.py[line:216] - INFO: Lost: 1
2021-08-05 18:58:29,776 - E:\雷博书\MOT\tracker\tracker.py[line:217] - INFO: Removed: 0
2021-08-05 18:58:29,795 - E:\雷博书\MOT\tracker\tracker.py[line:213] - INFO: ===========Frame 7==========
2021-08-05 18:58:29,796 - E:\雷博书\MOT\tracker\tracker.py[line:214] - INFO: Activated: 2
2021-08-05 18:58:29,796 - E:\雷博书\MOT\tracker\tracker.py[line:215] - INFO: Refind: 2
2021-08-05 18:58:29,796 - E:\雷博书\MOT\tracker\tracker.py[line:216] - INFO: Lost: 20
2021-08-05 18:58:29,796 - E:\雷博书\MOT\tracker\tracker.py[line:217] - INFO: Removed: 0
2021-08-05 18:58:29,816 - E:\雷博书\MOT\tracker\tracker.py[line:213] - INFO: ===========Frame 8==========
2021-08-05 18:58:29,816 - E:\雷博书\MOT\tracker\tracker.py[line:214] - INFO: Activated: 1
2021-08-05 18:58:29,816 - E:\雷博书\MOT\tracker\tracker.py[line:215] - INFO: Refind: 2
2021-08-05 18:58:29,816 - E:\雷博书\MOT\tracker\tracker.py[line:216] - INFO: Lost: 3
2021-08-05 18:58:29,816 - E:\雷博书\MOT\tracker\tracker.py[line:217] - INFO: Removed: 0
2021-08-05 19:02:37,778 - E:\雷博书\MOT\tracker\tracker.py[line:213] - INFO: ===========Frame 2==========
2021-08-05 19:02:37,779 - E:\雷博书\MOT\tracker\tracker.py[line:214] - INFO: Activated: 42
2021-08-05 19:02:37,779 - E:\雷博书\MOT\tracker\tracker.py[line:215] - INFO: Refind: 0
2021-08-05 19:02:37,779 - E:\雷博书\MOT\tracker\tracker.py[line:216] - INFO: Lost: 8
2021-08-05 19:02:37,779 - E:\雷博书\MOT\tracker\tracker.py[line:217] - INFO: Removed: 0
2021-08-05 19:02:37,803 - E:\雷博书\MOT\tracker\tracker.py[line:213] - INFO: ===========Frame 3==========
2021-08-05 19:02:37,804 - E:\雷博书\MOT\tracker\tracker.py[line:214] - INFO: Activated: 32
2021-08-05 19:02:37,804 - E:\雷博书\MOT\tracker\tracker.py[line:215] - INFO: Refind: 3
2021-08-05 19:02:37,804 - E:\雷博书\MOT\tracker\tracker.py[line:216] - INFO: Lost: 10
2021-08-05 19:02:37,804 - E:\雷博书\MOT\tracker\tracker.py[line:217] - INFO: Removed: 0
2021-08-05 19:02:37,829 - E:\雷博书\MOT\tracker\tracker.py[line:213] - INFO: ===========Frame 4==========
2021-08-05 19:02:37,829 - E:\雷博书\MOT\tracker\tracker.py[line:214] - INFO: Activated: 28
2021-08-05 19:02:37,829 - E:\雷博书\MOT\tracker\tracker.py[line:215] - INFO: Refind: 11
2021-08-05 19:02:37,829 - E:\雷博书\MOT\tracker\tracker.py[line:216] - INFO: Lost: 7
2021-08-05 19:02:37,829 - E:\雷博书\MOT\tracker\tracker.py[line:217] - INFO: Removed: 0
2021-08-05 19:02:38,714 - E:\雷博书\MOT\tracker\tracker.py[line:213] - INFO: ===========Frame 5==========
2021-08-05 19:02:38,715 - E:\雷博书\MOT\tracker\tracker.py[line:214] - INFO: Activated: 31
2021-08-05 19:02:38,715 - E:\雷博书\MOT\tracker\tracker.py[line:215] - INFO: Refind: 7
2021-08-05 19:02:38,715 - E:\雷博书\MOT\tracker\tracker.py[line:216] - INFO: Lost: 8
2021-08-05 19:02:38,715 - E:\雷博书\MOT\tracker\tracker.py[line:217] - INFO: Removed: 0
2021-08-05 19:02:38,741 - E:\雷博书\MOT\tracker\tracker.py[line:213] - INFO: ===========Frame 6==========
2021-08-05 19:02:38,741 - E:\雷博书\MOT\tracker\tracker.py[line:214] - INFO: Activated: 37
2021-08-05 19:02:38,741 - E:\雷博书\MOT\tracker\tracker.py[line:215] - INFO: Refind: 4
2021-08-05 19:02:38,741 - E:\雷博书\MOT\tracker\tracker.py[line:216] - INFO: Lost: 1
2021-08-05 19:02:38,742 - E:\雷博书\MOT\tracker\tracker.py[line:217] - INFO: Removed: 0
2021-08-05 19:02:38,767 - E:\雷博书\MOT\tracker\tracker.py[line:213] - INFO: ===========Frame 7==========
2021-08-05 19:02:38,767 - E:\雷博书\MOT\tracker\tracker.py[line:214] - INFO: Activated: 38
2021-08-05 19:02:38,767 - E:\雷博书\MOT\tracker\tracker.py[line:215] - INFO: Refind: 1
2021-08-05 19:02:38,767 - E:\雷博书\MOT\tracker\tracker.py[line:216] - INFO: Lost: 3
2021-08-05 19:02:38,767 - E:\雷博书\MOT\tracker\tracker.py[line:217] - INFO: Removed: 0
2021-08-05 19:02:38,791 - E:\雷博书\MOT\tracker\tracker.py[line:213] - INFO: ===========Frame 8==========
2021-08-05 19:02:38,791 - E:\雷博书\MOT\tracker\tracker.py[line:214] - INFO: Activated: 38
2021-08-05 19:02:38,792 - E:\雷博书\MOT\tracker\tracker.py[line:215] - INFO: Refind: 2
2021-08-05 19:02:38,792 - E:\雷博书\MOT\tracker\tracker.py[line:216] - INFO: Lost: 1
2021-08-05 19:02:38,792 - E:\雷博书\MOT\tracker\tracker.py[line:217] - INFO: Removed: 0
2021-08-05 19:14:43,622 - E:\雷博书\MOT\tracker\tracker.py[line:213] - INFO: ===========Frame 2==========
2021-08-05 19:14:43,622 - E:\雷博书\MOT\tracker\tracker.py[line:214] - INFO: Activated: 7
2021-08-05 19:14:43,622 - E:\雷博书\MOT\tracker\tracker.py[line:215] - INFO: Refind: 0
2021-08-05 19:14:43,622 - E:\雷博书\MOT\tracker\tracker.py[line:216] - INFO: Lost: 0
2021-08-05 19:14:43,622 - E:\雷博书\MOT\tracker\tracker.py[line:217] - INFO: Removed: 0
2021-08-05 19:14:43,628 - E:\雷博书\MOT\tracker\tracker.py[line:213] - INFO: ===========Frame 3==========
2021-08-05 19:14:43,628 - E:\雷博书\MOT\tracker\tracker.py[line:214] - INFO: Activated: 5
2021-08-05 19:14:43,628 - E:\雷博书\MOT\tracker\tracker.py[line:215] - INFO: Refind: 0
2021-08-05 19:14:43,628 - E:\雷博书\MOT\tracker\tracker.py[line:216] - INFO: Lost: 0
2021-08-05 19:14:43,628 - E:\雷博书\MOT\tracker\tracker.py[line:217] - INFO: Removed: 0
2021-08-05 19:14:43,634 - E:\雷博书\MOT\tracker\tracker.py[line:213] - INFO: ===========Frame 4==========
2021-08-05 19:14:43,634 - E:\雷博书\MOT\tracker\tracker.py[line:214] - INFO: Activated: 5
2021-08-05 19:14:43,634 - E:\雷博书\MOT\tracker\tracker.py[line:215] - INFO: Refind: 0
2021-08-05 19:14:43,634 - E:\雷博书\MOT\tracker\tracker.py[line:216] - INFO: Lost: 0
2021-08-05 19:14:43,635 - E:\雷博书\MOT\tracker\tracker.py[line:217] - INFO: Removed: 0
2021-08-05 19:14:43,932 - E:\雷博书\MOT\tracker\tracker.py[line:213] - INFO: ===========Frame 5==========
2021-08-05 19:14:43,932 - E:\雷博书\MOT\tracker\tracker.py[line:214] - INFO: Activated: 5
2021-08-05 19:14:43,932 - E:\雷博书\MOT\tracker\tracker.py[line:215] - INFO: Refind: 0
2021-08-05 19:14:43,932 - E:\雷博书\MOT\tracker\tracker.py[line:216] - INFO: Lost: 0
2021-08-05 19:14:43,933 - E:\雷博书\MOT\tracker\tracker.py[line:217] - INFO: Removed: 0
2021-08-05 19:14:43,939 - E:\雷博书\MOT\tracker\tracker.py[line:213] - INFO: ===========Frame 6==========
2021-08-05 19:14:43,939 - E:\雷博书\MOT\tracker\tracker.py[line:214] - INFO: Activated: 7
2021-08-05 19:14:43,939 - E:\雷博书\MOT\tracker\tracker.py[line:215] - INFO: Refind: 0
2021-08-05 19:14:43,939 - E:\雷博书\MOT\tracker\tracker.py[line:216] - INFO: Lost: 0
2021-08-05 19:14:43,940 - E:\雷博书\MOT\tracker\tracker.py[line:217] - INFO: Removed: 0
2021-08-05 19:14:43,945 - E:\雷博书\MOT\tracker\tracker.py[line:213] - INFO: ===========Frame 7==========
2021-08-05 19:14:43,945 - E:\雷博书\MOT\tracker\tracker.py[line:214] - INFO: Activated: 5
2021-08-05 19:14:43,945 - E:\雷博书\MOT\tracker\tracker.py[line:215] - INFO: Refind: 0
2021-08-05 19:14:43,945 - E:\雷博书\MOT\tracker\tracker.py[line:216] - INFO: Lost: 0
2021-08-05 19:14:43,945 - E:\雷博书\MOT\tracker\tracker.py[line:217] - INFO: Removed: 0
2021-08-05 19:14:43,952 - E:\雷博书\MOT\tracker\tracker.py[line:213] - INFO: ===========Frame 8==========
2021-08-05 19:14:43,952 - E:\雷博书\MOT\tracker\tracker.py[line:214] - INFO: Activated: 5
2021-08-05 19:14:43,953 - E:\雷博书\MOT\tracker\tracker.py[line:215] - INFO: Refind: 0
2021-08-05 19:14:43,953 - E:\雷博书\MOT\tracker\tracker.py[line:216] - INFO: Lost: 0
2021-08-05 19:14:43,953 - E:\雷博书\MOT\tracker\tracker.py[line:217] - INFO: Removed: 0
2021-08-05 19:14:44,252 - E:\雷博书\MOT\tracker\tracker.py[line:213] - INFO: ===========Frame 9==========
2021-08-05 19:14:44,253 - E:\雷博书\MOT\tracker\tracker.py[line:214] - INFO: Activated: 5
2021-08-05 19:14:44,253 - E:\雷博书\MOT\tracker\tracker.py[line:215] - INFO: Refind: 0
2021-08-05 19:14:44,253 - E:\雷博书\MOT\tracker\tracker.py[line:216] - INFO: Lost: 0
2021-08-05 19:14:44,253 - E:\雷博书\MOT\tracker\tracker.py[line:217] - INFO: Removed: 0
2021-08-05 19:14:44,259 - E:\雷博书\MOT\tracker\tracker.py[line:213] - INFO: ===========Frame 10==========
2021-08-05 19:14:44,259 - E:\雷博书\MOT\tracker\tracker.py[line:214] - INFO: Activated: 4
2021-08-05 19:14:44,259 - E:\雷博书\MOT\tracker\tracker.py[line:215] - INFO: Refind: 0
2021-08-05 19:14:44,259 - E:\雷博书\MOT\tracker\tracker.py[line:216] - INFO: Lost: 0
2021-08-05 19:14:44,259 - E:\雷博书\MOT\tracker\tracker.py[line:217] - INFO: Removed: 0
2021-08-05 19:14:44,265 - E:\雷博书\MOT\tracker\tracker.py[line:213] - INFO: ===========Frame 11==========
2021-08-05 19:14:44,265 - E:\雷博书\MOT\tracker\tracker.py[line:214] - INFO: Activated: 3
2021-08-05 19:14:44,265 - E:\雷博书\MOT\tracker\tracker.py[line:215] - INFO: Refind: 0
2021-08-05 19:14:44,265 - E:\雷博书\MOT\tracker\tracker.py[line:216] - INFO: Lost: 0
2021-08-05 19:14:44,265 - E:\雷博书\MOT\tracker\tracker.py[line:217] - INFO: Removed: 0
2021-08-05 19:14:44,270 - E:\雷博书\MOT\tracker\tracker.py[line:213] - INFO: ===========Frame 12==========
2021-08-05 19:14:44,270 - E:\雷博书\MOT\tracker\tracker.py[line:214] - INFO: Activated: 4
2021-08-05 19:14:44,271 - E:\雷博书\MOT\tracker\tracker.py[line:215] - INFO: Refind: 0
2021-08-05 19:14:44,271 - E:\雷博书\MOT\tracker\tracker.py[line:216] - INFO: Lost: 0
2021-08-05 19:14:44,271 - E:\雷博书\MOT\tracker\tracker.py[line:217] - INFO: Removed: 0
2021-08-05 19:14:44,560 - E:\雷博书\MOT\tracker\tracker.py[line:213] - INFO: ===========Frame 13==========
2021-08-05 19:14:44,560 - E:\雷博书\MOT\tracker\tracker.py[line:214] - INFO: Activated: 3
2021-08-05 19:14:44,560 - E:\雷博书\MOT\tracker\tracker.py[line:215] - INFO: Refind: 0
2021-08-05 19:14:44,560 - E:\雷博书\MOT\tracker\tracker.py[line:216] - INFO: Lost: 0
2021-08-05 19:14:44,560 - E:\雷博书\MOT\tracker\tracker.py[line:217] - INFO: Removed: 0
2021-08-05 19:14:44,567 - E:\雷博书\MOT\tracker\tracker.py[line:213] - INFO: ===========Frame 14==========
2021-08-05 19:14:44,567 - E:\雷博书\MOT\tracker\tracker.py[line:214] - INFO: Activated: 3
2021-08-05 19:14:44,567 - E:\雷博书\MOT\tracker\tracker.py[line:215] - INFO: Refind: 0
2021-08-05 19:14:44,567 - E:\雷博书\MOT\tracker\tracker.py[line:216] - INFO: Lost: 0
2021-08-05 19:14:44,567 - E:\雷博书\MOT\tracker\tracker.py[line:217] - INFO: Removed: 0
2021-08-05 19:14:44,573 - E:\雷博书\MOT\tracker\tracker.py[line:213] - INFO: ===========Frame 15==========
2021-08-05 19:14:44,573 - E:\雷博书\MOT\tracker\tracker.py[line:214] - INFO: Activated: 3
2021-08-05 19:14:44,573 - E:\雷博书\MOT\tracker\tracker.py[line:215] - INFO: Refind: 0
2021-08-05 19:14:44,573 - E:\雷博书\MOT\tracker\tracker.py[line:216] - INFO: Lost: 0
2021-08-05 19:14:44,573 - E:\雷博书\MOT\tracker\tracker.py[line:217] - INFO: Removed: 0
2021-08-05 19:14:44,578 - E:\雷博书\MOT\tracker\tracker.py[line:213] - INFO: ===========Frame 16==========
2021-08-05 19:14:44,578 - E:\雷博书\MOT\tracker\tracker.py[line:214] - INFO: Activated: 3
2021-08-05 19:14:44,578 - E:\雷博书\MOT\tracker\tracker.py[line:215] - INFO: Refind: 0
2021-08-05 19:14:44,578 - E:\雷博书\MOT\tracker\tracker.py[line:216] - INFO: Lost: 0
2021-08-05 19:14:44,578 - E:\雷博书\MOT\tracker\tracker.py[line:217] - INFO: Removed: 0
2021-08-05 19:14:44,869 - E:\雷博书\MOT\tracker\tracker.py[line:213] - INFO: ===========Frame 17==========
2021-08-05 19:14:44,870 - E:\雷博书\MOT\tracker\tracker.py[line:214] - INFO: Activated: 2
2021-08-05 19:14:44,870 - E:\雷博书\MOT\tracker\tracker.py[line:215] - INFO: Refind: 0
2021-08-05 19:14:44,870 - E:\雷博书\MOT\tracker\tracker.py[line:216] - INFO: Lost: 0
2021-08-05 19:14:44,870 - E:\雷博书\MOT\tracker\tracker.py[line:217] - INFO: Removed: 0
2021-08-05 19:14:44,875 - E:\雷博书\MOT\tracker\tracker.py[line:213] - INFO: ===========Frame 18==========
2021-08-05 19:14:44,875 - E:\雷博书\MOT\tracker\tracker.py[line:214] - INFO: Activated: 3
2021-08-05 19:14:44,875 - E:\雷博书\MOT\tracker\tracker.py[line:215] - INFO: Refind: 0
2021-08-05 19:14:44,875 - E:\雷博书\MOT\tracker\tracker.py[line:216] - INFO: Lost: 0
2021-08-05 19:14:44,876 - E:\雷博书\MOT\tracker\tracker.py[line:217] - INFO: Removed: 0
2021-08-05 19:14:44,881 - E:\雷博书\MOT\tracker\tracker.py[line:213] - INFO: ===========Frame 19==========
2021-08-05 19:14:44,881 - E:\雷博书\MOT\tracker\tracker.py[line:214] - INFO: Activated: 3
2021-08-05 19:14:44,881 - E:\雷博书\MOT\tracker\tracker.py[line:215] - INFO: Refind: 0
2021-08-05 19:14:44,881 - E:\雷博书\MOT\tracker\tracker.py[line:216] - INFO: Lost: 0
2021-08-05 19:14:44,881 - E:\雷博书\MOT\tracker\tracker.py[line:217] - INFO: Removed: 0
2021-08-05 19:14:44,888 - E:\雷博书\MOT\tracker\tracker.py[line:213] - INFO: ===========Frame 20==========
2021-08-05 19:14:44,888 - E:\雷博书\MOT\tracker\tracker.py[line:214] - INFO: Activated: 3
2021-08-05 19:14:44,888 - E:\雷博书\MOT\tracker\tracker.py[line:215] - INFO: Refind: 0
2021-08-05 19:14:44,888 - E:\雷博书\MOT\tracker\tracker.py[line:216] - INFO: Lost: 0
2021-08-05 19:14:44,888 - E:\雷博书\MOT\tracker\tracker.py[line:217] - INFO: Removed: 0
2021-08-05 19:14:45,177 - E:\雷博书\MOT\tracker\tracker.py[line:213] - INFO: ===========Frame 21==========
2021-08-05 19:14:45,177 - E:\雷博书\MOT\tracker\tracker.py[line:214] - INFO: Activated: 3
2021-08-05 19:14:45,178 - E:\雷博书\MOT\tracker\tracker.py[line:215] - INFO: Refind: 0
2021-08-05 19:14:45,178 - E:\雷博书\MOT\tracker\tracker.py[line:216] - INFO: Lost: 0
2021-08-05 19:14:45,178 - E:\雷博书\MOT\tracker\tracker.py[line:217] - INFO: Removed: 0
2021-08-05 19:14:45,183 - E:\雷博书\MOT\tracker\tracker.py[line:213] - INFO: ===========Frame 22==========
2021-08-05 19:14:45,183 - E:\雷博书\MOT\tracker\tracker.py[line:214] - INFO: Activated: 2
2021-08-05 19:14:45,183 - E:\雷博书\MOT\tracker\tracker.py[line:215] - INFO: Refind: 0
2021-08-05 19:14:45,183 - E:\雷博书\MOT\tracker\tracker.py[line:216] - INFO: Lost: 0
2021-08-05 19:14:45,183 - E:\雷博书\MOT\tracker\tracker.py[line:217] - INFO: Removed: 0
2021-08-05 19:14:45,189 - E:\雷博书\MOT\tracker\tracker.py[line:213] - INFO: ===========Frame 23==========
2021-08-05 19:14:45,190 - E:\雷博书\MOT\tracker\tracker.py[line:214] - INFO: Activated: 8
2021-08-05 19:14:45,190 - E:\雷博书\MOT\tracker\tracker.py[line:215] - INFO: Refind: 0
2021-08-05 19:14:45,190 - E:\雷博书\MOT\tracker\tracker.py[line:216] - INFO: Lost: 0
2021-08-05 19:14:45,190 - E:\雷博书\MOT\tracker\tracker.py[line:217] - INFO: Removed: 0
2021-08-05 19:14:45,195 - E:\雷博书\MOT\tracker\tracker.py[line:213] - INFO: ===========Frame 24==========
2021-08-05 19:14:45,195 - E:\雷博书\MOT\tracker\tracker.py[line:214] - INFO: Activated: 2
2021-08-05 19:14:45,195 - E:\雷博书\MOT\tracker\tracker.py[line:215] - INFO: Refind: 0
2021-08-05 19:14:45,195 - E:\雷博书\MOT\tracker\tracker.py[line:216] - INFO: Lost: 0
2021-08-05 19:14:45,196 - E:\雷博书\MOT\tracker\tracker.py[line:217] - INFO: Removed: 0
2021-08-05 19:14:45,489 - E:\雷博书\MOT\tracker\tracker.py[line:213] - INFO: ===========Frame 25==========
2021-08-05 19:14:45,490 - E:\雷博书\MOT\tracker\tracker.py[line:214] - INFO: Activated: 2
2021-08-05 19:14:45,490 - E:\雷博书\MOT\tracker\tracker.py[line:215] - INFO: Refind: 0
2021-08-05 19:14:45,490 - E:\雷博书\MOT\tracker\tracker.py[line:216] - INFO: Lost: 0
2021-08-05 19:14:45,490 - E:\雷博书\MOT\tracker\tracker.py[line:217] - INFO: Removed: 0
2021-08-05 19:14:45,494 - E:\雷博书\MOT\tracker\tracker.py[line:213] - INFO: ===========Frame 26==========
2021-08-05 19:14:45,494 - E:\雷博书\MOT\tracker\tracker.py[line:214] - INFO: Activated: 1
2021-08-05 19:14:45,495 - E:\雷博书\MOT\tracker\tracker.py[line:215] - INFO: Refind: 0
2021-08-05 19:14:45,495 - E:\雷博书\MOT\tracker\tracker.py[line:216] - INFO: Lost: 0
2021-08-05 19:14:45,495 - E:\雷博书\MOT\tracker\tracker.py[line:217] - INFO: Removed: 0
2021-08-05 19:14:45,501 - E:\雷博书\MOT\tracker\tracker.py[line:213] - INFO: ===========Frame 27==========
2021-08-05 19:14:45,501 - E:\雷博书\MOT\tracker\tracker.py[line:214] - INFO: Activated: 1
2021-08-05 19:14:45,501 - E:\雷博书\MOT\tracker\tracker.py[line:215] - INFO: Refind: 0
2021-08-05 19:14:45,501 - E:\雷博书\MOT\tracker\tracker.py[line:216] - INFO: Lost: 0
2021-08-05 19:14:45,501 - E:\雷博书\MOT\tracker\tracker.py[line:217] - INFO: Removed: 0
2021-08-05 19:14:45,507 - E:\雷博书\MOT\tracker\tracker.py[line:213] - INFO: ===========Frame 28==========
2021-08-05 19:14:45,507 - E:\雷博书\MOT\tracker\tracker.py[line:214] - INFO: Activated: 6
2021-08-05 19:14:45,507 - E:\雷博书\MOT\tracker\tracker.py[line:215] - INFO: Refind: 0
2021-08-05 19:14:45,507 - E:\雷博书\MOT\tracker\tracker.py[line:216] - INFO: Lost: 0
2021-08-05 19:14:45,507 - E:\雷博书\MOT\tracker\tracker.py[line:217] - INFO: Removed: 0
2021-08-05 19:14:45,795 - E:\雷博书\MOT\tracker\tracker.py[line:213] - INFO: ===========Frame 29==========
2021-08-05 19:14:45,795 - E:\雷博书\MOT\tracker\tracker.py[line:214] - INFO: Activated: 2
2021-08-05 19:14:45,796 - E:\雷博书\MOT\tracker\tracker.py[line:215] - INFO: Refind: 0
2021-08-05 19:14:45,796 - E:\雷博书\MOT\tracker\tracker.py[line:216] - INFO: Lost: 0
2021-08-05 19:14:45,796 - E:\雷博书\MOT\tracker\tracker.py[line:217] - INFO: Removed: 0
2021-08-05 19:14:45,802 - E:\雷博书\MOT\tracker\tracker.py[line:213] - INFO: ===========Frame 30==========
2021-08-05 19:14:45,802 - E:\雷博书\MOT\tracker\tracker.py[line:214] - INFO: Activated: 2
2021-08-05 19:14:45,802 - E:\雷博书\MOT\tracker\tracker.py[line:215] - INFO: Refind: 0
2021-08-05 19:14:45,802 - E:\雷博书\MOT\tracker\tracker.py[line:216] - INFO: Lost: 0
2021-08-05 19:14:45,802 - E:\雷博书\MOT\tracker\tracker.py[line:217] - INFO: Removed: 0
2021-08-05 19:14:45,807 - E:\雷博书\MOT\tracker\tracker.py[line:213] - INFO: ===========Frame 31==========
2021-08-05 19:14:45,807 - E:\雷博书\MOT\tracker\tracker.py[line:214] - INFO: Activated: 2
2021-08-05 19:14:45,807 - E:\雷博书\MOT\tracker\tracker.py[line:215] - INFO: Refind: 0
2021-08-05 19:14:45,808 - E:\雷博书\MOT\tracker\tracker.py[line:216] - INFO: Lost: 0
2021-08-05 19:14:45,808 - E:\雷博书\MOT\tracker\tracker.py[line:217] - INFO: Removed: 0
2021-08-05 19:14:45,812 - E:\雷博书\MOT\tracker\tracker.py[line:213] - INFO: ===========Frame 32==========
2021-08-05 19:14:45,812 - E:\雷博书\MOT\tracker\tracker.py[line:214] - INFO: Activated: 2
2021-08-05 19:14:45,813 - E:\雷博书\MOT\tracker\tracker.py[line:215] - INFO: Refind: 0
2021-08-05 19:14:45,813 - E:\雷博书\MOT\tracker\tracker.py[line:216] - INFO: Lost: 0
2021-08-05 19:14:45,813 - E:\雷博书\MOT\tracker\tracker.py[line:217] - INFO: Removed: 0
2021-08-05 19:14:46,106 - E:\雷博书\MOT\tracker\tracker.py[line:213] - INFO: ===========Frame 33==========
2021-08-05 19:14:46,106 - E:\雷博书\MOT\tracker\tracker.py[line:214] - INFO: Activated: 3
2021-08-05 19:14:46,106 - E:\雷博书\MOT\tracker\tracker.py[line:215] - INFO: Refind: 0
2021-08-05 19:14:46,106 - E:\雷博书\MOT\tracker\tracker.py[line:216] - INFO: Lost: 0
2021-08-05 19:14:46,106 - E:\雷博书\MOT\tracker\tracker.py[line:217] - INFO: Removed: 0
2021-08-05 19:14:46,112 - E:\雷博书\MOT\tracker\tracker.py[line:213] - INFO: ===========Frame 34==========
2021-08-05 19:14:46,112 - E:\雷博书\MOT\tracker\tracker.py[line:214] - INFO: Activated: 2
2021-08-05 19:14:46,112 - E:\雷博书\MOT\tracker\tracker.py[line:215] - INFO: Refind: 0
2021-08-05 19:14:46,112 - E:\雷博书\MOT\tracker\tracker.py[line:216] - INFO: Lost: 0
2021-08-05 19:14:46,112 - E:\雷博书\MOT\tracker\tracker.py[line:217] - INFO: Removed: 0
2021-08-05 19:14:46,118 - E:\雷博书\MOT\tracker\tracker.py[line:213] - INFO: ===========Frame 35==========
2021-08-05 19:14:46,118 - E:\雷博书\MOT\tracker\tracker.py[line:214] - INFO: Activated: 3
2021-08-05 19:14:46,118 - E:\雷博书\MOT\tracker\tracker.py[line:215] - INFO: Refind: 0
2021-08-05 19:14:46,118 - E:\雷博书\MOT\tracker\tracker.py[line:216] - INFO: Lost: 0
2021-08-05 19:14:46,119 - E:\雷博书\MOT\tracker\tracker.py[line:217] - INFO: Removed: 0
2021-08-05 19:14:46,123 - E:\雷博书\MOT\tracker\tracker.py[line:213] - INFO: ===========Frame 36==========
2021-08-05 19:14:46,124 - E:\雷博书\MOT\tracker\tracker.py[line:214] - INFO: Activated: 3
2021-08-05 19:14:46,124 - E:\雷博书\MOT\tracker\tracker.py[line:215] - INFO: Refind: 0
2021-08-05 19:14:46,124 - E:\雷博书\MOT\tracker\tracker.py[line:216] - INFO: Lost: 0
2021-08-05 19:14:46,124 - E:\雷博书\MOT\tracker\tracker.py[line:217] - INFO: Removed: 0
2021-08-05 19:14:46,412 - E:\雷博书\MOT\tracker\tracker.py[line:213] - INFO: ===========Frame 37==========
2021-08-05 19:14:46,412 - E:\雷博书\MOT\tracker\tracker.py[line:214] - INFO: Activated: 3
2021-08-05 19:14:46,412 - E:\雷博书\MOT\tracker\tracker.py[line:215] - INFO: Refind: 0
2021-08-05 19:14:46,412 - E:\雷博书\MOT\tracker\tracker.py[line:216] - INFO: Lost: 0
2021-08-05 19:14:46,413 - E:\雷博书\MOT\tracker\tracker.py[line:217] - INFO: Removed: 0
2021-08-05 19:14:46,421 - E:\雷博书\MOT\tracker\tracker.py[line:213] - INFO: ===========Frame 38==========
2021-08-05 19:14:46,421 - E:\雷博书\MOT\tracker\tracker.py[line:214] - INFO: Activated: 3
2021-08-05 19:14:46,421 - E:\雷博书\MOT\tracker\tracker.py[line:215] - INFO: Refind: 0
2021-08-05 19:14:46,421 - E:\雷博书\MOT\tracker\tracker.py[line:216] - INFO: Lost: 0
2021-08-05 19:14:46,421 - E:\雷博书\MOT\tracker\tracker.py[line:217] - INFO: Removed: 0
2021-08-05 19:14:46,426 - E:\雷博书\MOT\tracker\tracker.py[line:213] - INFO: ===========Frame 39==========
2021-08-05 19:14:46,426 - E:\雷博书\MOT\tracker\tracker.py[line:214] - INFO: Activated: 3
2021-08-05 19:14:46,426 - E:\雷博书\MOT\tracker\tracker.py[line:215] - INFO: Refind: 0
2021-08-05 19:14:46,426 - E:\雷博书\MOT\tracker\tracker.py[line:216] - INFO: Lost: 0
2021-08-05 19:14:46,426 - E:\雷博书\MOT\tracker\tracker.py[line:217] - INFO: Removed: 0
2021-08-05 19:14:46,433 - E:\雷博书\MOT\tracker\tracker.py[line:213] - INFO: ===========Frame 40==========
2021-08-05 19:14:46,433 - E:\雷博书\MOT\tracker\tracker.py[line:214] - INFO: Activated: 3
2021-08-05 19:14:46,433 - E:\雷博书\MOT\tracker\tracker.py[line:215] - INFO: Refind: 0
2021-08-05 19:14:46,433 - E:\雷博书\MOT\tracker\tracker.py[line:216] - INFO: Lost: 0
2021-08-05 19:14:46,433 - E:\雷博书\MOT\tracker\tracker.py[line:217] - INFO: Removed: 0
2021-08-05 19:14:46,724 - E:\雷博书\MOT\tracker\tracker.py[line:213] - INFO: ===========Frame 41==========
2021-08-05 19:14:46,724 - E:\雷博书\MOT\tracker\tracker.py[line:214] - INFO: Activated: 4
2021-08-05 19:14:46,725 - E:\雷博书\MOT\tracker\tracker.py[line:215] - INFO: Refind: 0
2021-08-05 19:14:46,725 - E:\雷博书\MOT\tracker\tracker.py[line:216] - INFO: Lost: 0
2021-08-05 19:14:46,725 - E:\雷博书\MOT\tracker\tracker.py[line:217] - INFO: Removed: 0
2021-08-05 19:14:46,731 - E:\雷博书\MOT\tracker\tracker.py[line:213] - INFO: ===========Frame 42==========
2021-08-05 19:14:46,731 - E:\雷博书\MOT\tracker\tracker.py[line:214] - INFO: Activated: 5
2021-08-05 19:14:46,731 - E:\雷博书\MOT\tracker\tracker.py[line:215] - INFO: Refind: 0
2021-08-05 19:14:46,731 - E:\雷博书\MOT\tracker\tracker.py[line:216] - INFO: Lost: 0
2021-08-05 19:14:46,732 - E:\雷博书\MOT\tracker\tracker.py[line:217] - INFO: Removed: 0
2021-08-05 19:14:46,738 - E:\雷博书\MOT\tracker\tracker.py[line:213] - INFO: ===========Frame 43==========
2021-08-05 19:14:46,738 - E:\雷博书\MOT\tracker\tracker.py[line:214] - INFO: Activated: 5
2021-08-05 19:14:46,738 - E:\雷博书\MOT\tracker\tracker.py[line:215] - INFO: Refind: 0
2021-08-05 19:14:46,738 - E:\雷博书\MOT\tracker\tracker.py[line:216] - INFO: Lost: 0
2021-08-05 19:14:46,738 - E:\雷博书\MOT\tracker\tracker.py[line:217] - INFO: Removed: 0
2021-08-05 19:14:46,744 - E:\雷博书\MOT\tracker\tracker.py[line:213] - INFO: ===========Frame 44==========
2021-08-05 19:14:46,744 - E:\雷博书\MOT\tracker\tracker.py[line:214] - INFO: Activated: 5
2021-08-05 19:14:46,744 - E:\雷博书\MOT\tracker\tracker.py[line:215] - INFO: Refind: 0
2021-08-05 19:14:46,744 - E:\雷博书\MOT\tracker\tracker.py[line:216] - INFO: Lost: 0
2021-08-05 19:14:46,744 - E:\雷博书\MOT\tracker\tracker.py[line:217] - INFO: Removed: 0
2021-08-05 19:14:47,033 - E:\雷博书\MOT\tracker\tracker.py[line:213] - INFO: ===========Frame 45==========
2021-08-05 19:14:47,033 - E:\雷博书\MOT\tracker\tracker.py[line:214] - INFO: Activated: 5
2021-08-05 19:14:47,033 - E:\雷博书\MOT\tracker\tracker.py[line:215] - INFO: Refind: 0
2021-08-05 19:14:47,033 - E:\雷博书\MOT\tracker\tracker.py[line:216] - INFO: Lost: 0
2021-08-05 19:14:47,033 - E:\雷博书\MOT\tracker\tracker.py[line:217] - INFO: Removed: 0
2021-08-05 19:14:47,040 - E:\雷博书\MOT\tracker\tracker.py[line:213] - INFO: ===========Frame 46==========
2021-08-05 19:14:47,040 - E:\雷博书\MOT\tracker\tracker.py[line:214] - INFO: Activated: 5
2021-08-05 19:14:47,040 - E:\雷博书\MOT\tracker\tracker.py[line:215] - INFO: Refind: 0
2021-08-05 19:14:47,041 - E:\雷博书\MOT\tracker\tracker.py[line:216] - INFO: Lost: 0
2021-08-05 19:14:47,041 - E:\雷博书\MOT\tracker\tracker.py[line:217] - INFO: Removed: 0
2021-08-05 19:14:47,046 - E:\雷博书\MOT\tracker\tracker.py[line:213] - INFO: ===========Frame 47==========
2021-08-05 19:14:47,046 - E:\雷博书\MOT\tracker\tracker.py[line:214] - INFO: Activated: 5
2021-08-05 19:14:47,047 - E:\雷博书\MOT\tracker\tracker.py[line:215] - INFO: Refind: 0
2021-08-05 19:14:47,047 - E:\雷博书\MOT\tracker\tracker.py[line:216] - INFO: Lost: 0
2021-08-05 19:14:47,047 - E:\雷博书\MOT\tracker\tracker.py[line:217] - INFO: Removed: 0
2021-08-05 19:14:47,054 - E:\雷博书\MOT\tracker\tracker.py[line:213] - INFO: ===========Frame 48==========
2021-08-05 19:14:47,054 - E:\雷博书\MOT\tracker\tracker.py[line:214] - INFO: Activated: 5
2021-08-05 19:14:47,054 - E:\雷博书\MOT\tracker\tracker.py[line:215] - INFO: Refind: 0
2021-08-05 19:14:47,054 - E:\雷博书\MOT\tracker\tracker.py[line:216] - INFO: Lost: 0
2021-08-05 19:14:47,054 - E:\雷博书\MOT\tracker\tracker.py[line:217] - INFO: Removed: 0
2021-08-05 19:14:47,347 - E:\雷博书\MOT\tracker\tracker.py[line:213] - INFO: ===========Frame 49==========
2021-08-05 19:14:47,347 - E:\雷博书\MOT\tracker\tracker.py[line:214] - INFO: Activated: 7
2021-08-05 19:14:47,347 - E:\雷博书\MOT\tracker\tracker.py[line:215] - INFO: Refind: 0
2021-08-05 19:14:47,347 - E:\雷博书\MOT\tracker\tracker.py[line:216] - INFO: Lost: 0
2021-08-05 19:14:47,347 - E:\雷博书\MOT\tracker\tracker.py[line:217] - INFO: Removed: 0
2021-08-05 19:14:47,354 - E:\雷博书\MOT\tracker\tracker.py[line:213] - INFO: ===========Frame 50==========
2021-08-05 19:14:47,354 - E:\雷博书\MOT\tracker\tracker.py[line:214] - INFO: Activated: 5
2021-08-05 19:14:47,354 - E:\雷博书\MOT\tracker\tracker.py[line:215] - INFO: Refind: 0
2021-08-05 19:14:47,354 - E:\雷博书\MOT\tracker\tracker.py[line:216] - INFO: Lost: 0
2021-08-05 19:14:47,354 - E:\雷博书\MOT\tracker\tracker.py[line:217] - INFO: Removed: 0
2021-08-05 19:14:47,360 - E:\雷博书\MOT\tracker\tracker.py[line:213] - INFO: ===========Frame 51==========
2021-08-05 19:14:47,360 - E:\雷博书\MOT\tracker\tracker.py[line:214] - INFO: Activated: 6
2021-08-05 19:14:47,360 - E:\雷博书\MOT\tracker\tracker.py[line:215] - INFO: Refind: 0
2021-08-05 19:14:47,360 - E:\雷博书\MOT\tracker\tracker.py[line:216] - INFO: Lost: 0
2021-08-05 19:14:47,360 - E:\雷博书\MOT\tracker\tracker.py[line:217] - INFO: Removed: 0
2021-08-05 19:14:47,366 - E:\雷博书\MOT\tracker\tracker.py[line:213] - INFO: ===========Frame 52==========
2021-08-05 19:14:47,366 - E:\雷博书\MOT\tracker\tracker.py[line:214] - INFO: Activated: 5
2021-08-05 19:14:47,366 - E:\雷博书\MOT\tracker\tracker.py[line:215] - INFO: Refind: 0
2021-08-05 19:14:47,366 - E:\雷博书\MOT\tracker\tracker.py[line:216] - INFO: Lost: 0
2021-08-05 19:14:47,366 - E:\雷博书\MOT\tracker\tracker.py[line:217] - INFO: Removed: 0
2021-08-05 19:14:47,657 - E:\雷博书\MOT\tracker\tracker.py[line:213] - INFO: ===========Frame 53==========
2021-08-05 19:14:47,658 - E:\雷博书\MOT\tracker\tracker.py[line:214] - INFO: Activated: 6
2021-08-05 19:14:47,658 - E:\雷博书\MOT\tracker\tracker.py[line:215] - INFO: Refind: 0
2021-08-05 19:14:47,658 - E:\雷博书\MOT\tracker\tracker.py[line:216] - INFO: Lost: 0
2021-08-05 19:14:47,658 - E:\雷博书\MOT\tracker\tracker.py[line:217] - INFO: Removed: 0
2021-08-05 19:14:47,665 - E:\雷博书\MOT\tracker\tracker.py[line:213] - INFO: ===========Frame 54==========
2021-08-05 19:14:47,665 - E:\雷博书\MOT\tracker\tracker.py[line:214] - INFO: Activated: 7
2021-08-05 19:14:47,666 - E:\雷博书\MOT\tracker\tracker.py[line:215] - INFO: Refind: 0
2021-08-05 19:14:47,666 - E:\雷博书\MOT\tracker\tracker.py[line:216] - INFO: Lost: 0
2021-08-05 19:14:47,666 - E:\雷博书\MOT\tracker\tracker.py[line:217] - INFO: Removed: 0
2021-08-05 19:14:47,672 - E:\雷博书\MOT\tracker\tracker.py[line:213] - INFO: ===========Frame 55==========
2021-08-05 19:14:47,672 - E:\雷博书\MOT\tracker\tracker.py[line:214] - INFO: Activated: 7
2021-08-05 19:14:47,672 - E:\雷博书\MOT\tracker\tracker.py[line:215] - INFO: Refind: 0
2021-08-05 19:14:47,672 - E:\雷博书\MOT\tracker\tracker.py[line:216] - INFO: Lost: 0
2021-08-05 19:14:47,672 - E:\雷博书\MOT\tracker\tracker.py[line:217] - INFO: Removed: 0
2021-08-05 19:14:47,678 - E:\雷博书\MOT\tracker\tracker.py[line:213] - INFO: ===========Frame 56==========
2021-08-05 19:14:47,678 - E:\雷博书\MOT\tracker\tracker.py[line:214] - INFO: Activated: 7
2021-08-05 19:14:47,678 - E:\雷博书\MOT\tracker\tracker.py[line:215] - INFO: Refind: 0
2021-08-05 19:14:47,678 - E:\雷博书\MOT\tracker\tracker.py[line:216] - INFO: Lost: 0
2021-08-05 19:14:47,678 - E:\雷博书\MOT\tracker\tracker.py[line:217] - INFO: Removed: 0
2021-08-05 19:14:47,972 - E:\雷博书\MOT\tracker\tracker.py[line:213] - INFO: ===========Frame 57==========
2021-08-05 19:14:47,972 - E:\雷博书\MOT\tracker\tracker.py[line:214] - INFO: Activated: 7
2021-08-05 19:14:47,973 - E:\雷博书\MOT\tracker\tracker.py[line:215] - INFO: Refind: 0
2021-08-05 19:14:47,973 - E:\雷博书\MOT\tracker\tracker.py[line:216] - INFO: Lost: 0
2021-08-05 19:14:47,973 - E:\雷博书\MOT\tracker\tracker.py[line:217] - INFO: Removed: 0
2021-08-05 19:14:47,979 - E:\雷博书\MOT\tracker\tracker.py[line:213] - INFO: ===========Frame 58==========
2021-08-05 19:14:47,979 - E:\雷博书\MOT\tracker\tracker.py[line:214] - INFO: Activated: 7
2021-08-05 19:14:47,979 - E:\雷博书\MOT\tracker\tracker.py[line:215] - INFO: Refind: 0
2021-08-05 19:14:47,979 - E:\雷博书\MOT\tracker\tracker.py[line:216] - INFO: Lost: 0
2021-08-05 19:14:47,979 - E:\雷博书\MOT\tracker\tracker.py[line:217] - INFO: Removed: 0
2021-08-05 19:14:47,986 - E:\雷博书\MOT\tracker\tracker.py[line:213] - INFO: ===========Frame 59==========
2021-08-05 19:14:47,987 - E:\雷博书\MOT\tracker\tracker.py[line:214] - INFO: Activated: 7
2021-08-05 19:14:47,987 - E:\雷博书\MOT\tracker\tracker.py[line:215] - INFO: Refind: 0
2021-08-05 19:14:47,987 - E:\雷博书\MOT\tracker\tracker.py[line:216] - INFO: Lost: 0
2021-08-05 19:14:47,987 - E:\雷博书\MOT\tracker\tracker.py[line:217] - INFO: Removed: 0
2021-08-05 19:14:47,992 - E:\雷博书\MOT\tracker\tracker.py[line:213] - INFO: ===========Frame 60==========
2021-08-05 19:14:47,992 - E:\雷博书\MOT\tracker\tracker.py[line:214] - INFO: Activated: 6
2021-08-05 19:14:47,992 - E:\雷博书\MOT\tracker\tracker.py[line:215] - INFO: Refind: 0
2021-08-05 19:14:47,993 - E:\雷博书\MOT\tracker\tracker.py[line:216] - INFO: Lost: 0
2021-08-05 19:14:47,993 - E:\雷博书\MOT\tracker\tracker.py[line:217] - INFO: Removed: 0
2021-08-05 19:14:48,280 - E:\雷博书\MOT\tracker\tracker.py[line:213] - INFO: ===========Frame 61==========
2021-08-05 19:14:48,281 - E:\雷博书\MOT\tracker\tracker.py[line:214] - INFO: Activated: 6
2021-08-05 19:14:48,281 - E:\雷博书\MOT\tracker\tracker.py[line:215] - INFO: Refind: 0
2021-08-05 19:14:48,281 - E:\雷博书\MOT\tracker\tracker.py[line:216] - INFO: Lost: 0
2021-08-05 19:14:48,281 - E:\雷博书\MOT\tracker\tracker.py[line:217] - INFO: Removed: 0
2021-08-05 19:14:48,288 - E:\雷博书\MOT\tracker\tracker.py[line:213] - INFO: ===========Frame 62==========
2021-08-05 19:14:48,288 - E:\雷博书\MOT\tracker\tracker.py[line:214] - INFO: Activated: 6
2021-08-05 19:14:48,288 - E:\雷博书\MOT\tracker\tracker.py[line:215] - INFO: Refind: 0
2021-08-05 19:14:48,288 - E:\雷博书\MOT\tracker\tracker.py[line:216] - INFO: Lost: 0
2021-08-05 19:14:48,289 - E:\雷博书\MOT\tracker\tracker.py[line:217] - INFO: Removed: 0
2021-08-05 19:14:48,295 - E:\雷博书\MOT\tracker\tracker.py[line:213] - INFO: ===========Frame 63==========
2021-08-05 19:14:48,295 - E:\雷博书\MOT\tracker\tracker.py[line:214] - INFO: Activated: 6
2021-08-05 19:14:48,295 - E:\雷博书\MOT\tracker\tracker.py[line:215] - INFO: Refind: 0
2021-08-05 19:14:48,295 - E:\雷博书\MOT\tracker\tracker.py[line:216] - INFO: Lost: 0
2021-08-05 19:14:48,295 - E:\雷博书\MOT\tracker\tracker.py[line:217] - INFO: Removed: 0
2021-08-05 19:14:48,301 - E:\雷博书\MOT\tracker\tracker.py[line:213] - INFO: ===========Frame 64==========
2021-08-05 19:14:48,301 - E:\雷博书\MOT\tracker\tracker.py[line:214] - INFO: Activated: 6
2021-08-05 19:14:48,301 - E:\雷博书\MOT\tracker\tracker.py[line:215] - INFO: Refind: 0
2021-08-05 19:14:48,301 - E:\雷博书\MOT\tracker\tracker.py[line:216] - INFO: Lost: 0
2021-08-05 19:14:48,301 - E:\雷博书\MOT\tracker\tracker.py[line:217] - INFO: Removed: 0
2021-08-05 19:14:48,589 - E:\雷博书\MOT\tracker\tracker.py[line:213] - INFO: ===========Frame 65==========
2021-08-05 19:14:48,590 - E:\雷博书\MOT\tracker\tracker.py[line:214] - INFO: Activated: 6
2021-08-05 19:14:48,590 - E:\雷博书\MOT\tracker\tracker.py[line:215] - INFO: Refind: 0
2021-08-05 19:14:48,590 - E:\雷博书\MOT\tracker\tracker.py[line:216] - INFO: Lost: 0
2021-08-05 19:14:48,590 - E:\雷博书\MOT\tracker\tracker.py[line:217] - INFO: Removed: 0
2021-08-05 19:14:48,596 - E:\雷博书\MOT\tracker\tracker.py[line:213] - INFO: ===========Frame 66==========
2021-08-05 19:14:48,596 - E:\雷博书\MOT\tracker\tracker.py[line:214] - INFO: Activated: 7
2021-08-05 19:14:48,596 - E:\雷博书\MOT\tracker\tracker.py[line:215] - INFO: Refind: 0
2021-08-05 19:14:48,596 - E:\雷博书\MOT\tracker\tracker.py[line:216] - INFO: Lost: 0
2021-08-05 19:14:48,596 - E:\雷博书\MOT\tracker\tracker.py[line:217] - INFO: Removed: 0
2021-08-05 19:14:48,604 - E:\雷博书\MOT\tracker\tracker.py[line:213] - INFO: ===========Frame 67==========
2021-08-05 19:14:48,604 - E:\雷博书\MOT\tracker\tracker.py[line:214] - INFO: Activated: 7
2021-08-05 19:14:48,604 - E:\雷博书\MOT\tracker\tracker.py[line:215] - INFO: Refind: 0
2021-08-05 19:14:48,604 - E:\雷博书\MOT\tracker\tracker.py[line:216] - INFO: Lost: 0
2021-08-05 19:14:48,604 - E:\雷博书\MOT\tracker\tracker.py[line:217] - INFO: Removed: 0
2021-08-05 19:14:48,610 - E:\雷博书\MOT\tracker\tracker.py[line:213] - INFO: ===========Frame 68==========
2021-08-05 19:14:48,610 - E:\雷博书\MOT\tracker\tracker.py[line:214] - INFO: Activated: 7
2021-08-05 19:14:48,610 - E:\雷博书\MOT\tracker\tracker.py[line:215] - INFO: Refind: 0
2021-08-05 19:14:48,610 - E:\雷博书\MOT\tracker\tracker.py[line:216] - INFO: Lost: 0
2021-08-05 19:14:48,610 - E:\雷博书\MOT\tracker\tracker.py[line:217] - INFO: Removed: 0
2021-08-05 19:14:48,895 - E:\雷博书\MOT\tracker\tracker.py[line:213] - INFO: ===========Frame 69==========
2021-08-05 19:14:48,895 - E:\雷博书\MOT\tracker\tracker.py[line:214] - INFO: Activated: 7
2021-08-05 19:14:48,895 - E:\雷博书\MOT\tracker\tracker.py[line:215] - INFO: Refind: 0
2021-08-05 19:14:48,895 - E:\雷博书\MOT\tracker\tracker.py[line:216] - INFO: Lost: 0
2021-08-05 19:14:48,896 - E:\雷博书\MOT\tracker\tracker.py[line:217] - INFO: Removed: 0
2021-08-05 19:14:48,902 - E:\雷博书\MOT\tracker\tracker.py[line:213] - INFO: ===========Frame 70==========
2021-08-05 19:14:48,903 - E:\雷博书\MOT\tracker\tracker.py[line:214] - INFO: Activated: 7
2021-08-05 19:14:48,903 - E:\雷博书\MOT\tracker\tracker.py[line:215] - INFO: Refind: 0
2021-08-05 19:14:48,903 - E:\雷博书\MOT\tracker\tracker.py[line:216] - INFO: Lost: 0
2021-08-05 19:14:48,903 - E:\雷博书\MOT\tracker\tracker.py[line:217] - INFO: Removed: 0
2021-08-05 19:14:48,909 - E:\雷博书\MOT\tracker\tracker.py[line:213] - INFO: ===========Frame 71==========
2021-08-05 19:14:48,909 - E:\雷博书\MOT\tracker\tracker.py[line:214] - INFO: Activated: 6
2021-08-05 19:14:48,909 - E:\雷博书\MOT\tracker\tracker.py[line:215] - INFO: Refind: 0
2021-08-05 19:14:48,909 - E:\雷博书\MOT\tracker\tracker.py[line:216] - INFO: Lost: 0
2021-08-05 19:14:48,909 - E:\雷博书\MOT\tracker\tracker.py[line:217] - INFO: Removed: 0
2021-08-05 19:14:48,915 - E:\雷博书\MOT\tracker\tracker.py[line:213] - INFO: ===========Frame 72==========
2021-08-05 19:14:48,916 - E:\雷博书\MOT\tracker\tracker.py[line:214] - INFO: Activated: 7
2021-08-05 19:14:48,916 - E:\雷博书\MOT\tracker\tracker.py[line:215] - INFO: Refind: 0
2021-08-05 19:14:48,916 - E:\雷博书\MOT\tracker\tracker.py[line:216] - INFO: Lost: 0
2021-08-05 19:14:48,916 - E:\雷博书\MOT\tracker\tracker.py[line:217] - INFO: Removed: 0
2021-08-05 19:14:49,206 - E:\雷博书\MOT\tracker\tracker.py[line:213] - INFO: ===========Frame 73==========
2021-08-05 19:14:49,207 - E:\雷博书\MOT\tracker\tracker.py[line:214] - INFO: Activated: 7
2021-08-05 19:14:49,207 - E:\雷博书\MOT\tracker\tracker.py[line:215] - INFO: Refind: 0
2021-08-05 19:14:49,207 - E:\雷博书\MOT\tracker\tracker.py[line:216] - INFO: Lost: 0
2021-08-05 19:14:49,207 - E:\雷博书\MOT\tracker\tracker.py[line:217] - INFO: Removed: 0
2021-08-05 19:14:49,213 - E:\雷博书\MOT\tracker\tracker.py[line:213] - INFO: ===========Frame 74==========
2021-08-05 19:14:49,213 - E:\雷博书\MOT\tracker\tracker.py[line:214] - INFO: Activated: 7
2021-08-05 19:14:49,213 - E:\雷博书\MOT\tracker\tracker.py[line:215] - INFO: Refind: 0
2021-08-05 19:14:49,214 - E:\雷博书\MOT\tracker\tracker.py[line:216] - INFO: Lost: 0
2021-08-05 19:14:49,214 - E:\雷博书\MOT\tracker\tracker.py[line:217] - INFO: Removed: 0
2021-08-05 19:14:49,220 - E:\雷博书\MOT\tracker\tracker.py[line:213] - INFO: ===========Frame 75==========
2021-08-05 19:14:49,221 - E:\雷博书\MOT\tracker\tracker.py[line:214] - INFO: Activated: 7
2021-08-05 19:14:49,221 - E:\雷博书\MOT\tracker\tracker.py[line:215] - INFO: Refind: 0
2021-08-05 19:14:49,221 - E:\雷博书\MOT\tracker\tracker.py[line:216] - INFO: Lost: 0
2021-08-05 19:14:49,221 - E:\雷博书\MOT\tracker\tracker.py[line:217] - INFO: Removed: 0
2021-08-05 19:14:49,227 - E:\雷博书\MOT\tracker\tracker.py[line:213] - INFO: ===========Frame 76==========
2021-08-05 19:14:49,227 - E:\雷博书\MOT\tracker\tracker.py[line:214] - INFO: Activated: 7
2021-08-05 19:14:49,227 - E:\雷博书\MOT\tracker\tracker.py[line:215] - INFO: Refind: 0
2021-08-05 19:14:49,227 - E:\雷博书\MOT\tracker\tracker.py[line:216] - INFO: Lost: 0
2021-08-05 19:14:49,227 - E:\雷博书\MOT\tracker\tracker.py[line:217] - INFO: Removed: 0
2021-08-05 19:14:49,514 - E:\雷博书\MOT\tracker\tracker.py[line:213] - INFO: ===========Frame 77==========
2021-08-05 19:14:49,514 - E:\雷博书\MOT\tracker\tracker.py[line:214] - INFO: Activated: 6
2021-08-05 19:14:49,514 - E:\雷博书\MOT\tracker\tracker.py[line:215] - INFO: Refind: 0
2021-08-05 19:14:49,514 - E:\雷博书\MOT\tracker\tracker.py[line:216] - INFO: Lost: 0
2021-08-05 19:14:49,514 - E:\雷博书\MOT\tracker\tracker.py[line:217] - INFO: Removed: 0
2021-08-05 19:14:49,522 - E:\雷博书\MOT\tracker\tracker.py[line:213] - INFO: ===========Frame 78==========
2021-08-05 19:14:49,522 - E:\雷博书\MOT\tracker\tracker.py[line:214] - INFO: Activated: 6
2021-08-05 19:14:49,522 - E:\雷博书\MOT\tracker\tracker.py[line:215] - INFO: Refind: 0
2021-08-05 19:14:49,522 - E:\雷博书\MOT\tracker\tracker.py[line:216] - INFO: Lost: 0
2021-08-05 19:14:49,522 - E:\雷博书\MOT\tracker\tracker.py[line:217] - INFO: Removed: 0
2021-08-05 19:14:49,528 - E:\雷博书\MOT\tracker\tracker.py[line:213] - INFO: ===========Frame 79==========
2021-08-05 19:14:49,528 - E:\雷博书\MOT\tracker\tracker.py[line:214] - INFO: Activated: 7
2021-08-05 19:14:49,529 - E:\雷博书\MOT\tracker\tracker.py[line:215] - INFO: Refind: 0
2021-08-05 19:14:49,529 - E:\雷博书\MOT\tracker\tracker.py[line:216] - INFO: Lost: 0
2021-08-05 19:14:49,529 - E:\雷博书\MOT\tracker\tracker.py[line:217] - INFO: Removed: 0
2021-08-05 19:14:49,535 - E:\雷博书\MOT\tracker\tracker.py[line:213] - INFO: ===========Frame 80==========
2021-08-05 19:14:49,535 - E:\雷博书\MOT\tracker\tracker.py[line:214] - INFO: Activated: 7
2021-08-05 19:14:49,535 - E:\雷博书\MOT\tracker\tracker.py[line:215] - INFO: Refind: 0
2021-08-05 19:14:49,536 - E:\雷博书\MOT\tracker\tracker.py[line:216] - INFO: Lost: 0
2021-08-05 19:14:49,536 - E:\雷博书\MOT\tracker\tracker.py[line:217] - INFO: Removed: 0
2021-08-05 19:14:49,831 - E:\雷博书\MOT\tracker\tracker.py[line:213] - INFO: ===========Frame 81==========
2021-08-05 19:14:49,832 - E:\雷博书\MOT\tracker\tracker.py[line:214] - INFO: Activated: 7
2021-08-05 19:14:49,832 - E:\雷博书\MOT\tracker\tracker.py[line:215] - INFO: Refind: 0
2021-08-05 19:14:49,832 - E:\雷博书\MOT\tracker\tracker.py[line:216] - INFO: Lost: 0
2021-08-05 19:14:49,832 - E:\雷博书\MOT\tracker\tracker.py[line:217] - INFO: Removed: 0
2021-08-05 19:14:49,839 - E:\雷博书\MOT\tracker\tracker.py[line:213] - INFO: ===========Frame 82==========
2021-08-05 19:14:49,840 - E:\雷博书\MOT\tracker\tracker.py[line:214] - INFO: Activated: 7
2021-08-05 19:14:49,840 - E:\雷博书\MOT\tracker\tracker.py[line:215] - INFO: Refind: 0
2021-08-05 19:14:49,840 - E:\雷博书\MOT\tracker\tracker.py[line:216] - INFO: Lost: 0
2021-08-05 19:14:49,840 - E:\雷博书\MOT\tracker\tracker.py[line:217] - INFO: Removed: 0
2021-08-05 19:14:49,846 - E:\雷博书\MOT\tracker\tracker.py[line:213] - INFO: ===========Frame 83==========
2021-08-05 19:14:49,846 - E:\雷博书\MOT\tracker\tracker.py[line:214] - INFO: Activated: 8
2021-08-05 19:14:49,846 - E:\雷博书\MOT\tracker\tracker.py[line:215] - INFO: Refind: 0
2021-08-05 19:14:49,846 - E:\雷博书\MOT\tracker\tracker.py[line:216] - INFO: Lost: 0
2021-08-05 19:14:49,846 - E:\雷博书\MOT\tracker\tracker.py[line:217] - INFO: Removed: 0
2021-08-05 19:14:49,852 - E:\雷博书\MOT\tracker\tracker.py[line:213] - INFO: ===========Frame 84==========
2021-08-05 19:14:49,853 - E:\雷博书\MOT\tracker\tracker.py[line:214] - INFO: Activated: 8
2021-08-05 19:14:49,853 - E:\雷博书\MOT\tracker\tracker.py[line:215] - INFO: Refind: 0
2021-08-05 19:14:49,853 - E:\雷博书\MOT\tracker\tracker.py[line:216] - INFO: Lost: 0
2021-08-05 19:14:49,853 - E:\雷博书\MOT\tracker\tracker.py[line:217] - INFO: Removed: 0
2021-08-05 19:14:50,142 - E:\雷博书\MOT\tracker\tracker.py[line:213] - INFO: ===========Frame 85==========
2021-08-05 19:14:50,142 - E:\雷博书\MOT\tracker\tracker.py[line:214] - INFO: Activated: 8
2021-08-05 19:14:50,142 - E:\雷博书\MOT\tracker\tracker.py[line:215] - INFO: Refind: 0
2021-08-05 19:14:50,142 - E:\雷博书\MOT\tracker\tracker.py[line:216] - INFO: Lost: 0
2021-08-05 19:14:50,142 - E:\雷博书\MOT\tracker\tracker.py[line:217] - INFO: Removed: 0
2021-08-05 19:14:50,149 - E:\雷博书\MOT\tracker\tracker.py[line:213] - INFO: ===========Frame 86==========
2021-08-05 19:14:50,149 - E:\雷博书\MOT\tracker\tracker.py[line:214] - INFO: Activated: 8
2021-08-05 19:14:50,149 - E:\雷博书\MOT\tracker\tracker.py[line:215] - INFO: Refind: 0
2021-08-05 19:14:50,149 - E:\雷博书\MOT\tracker\tracker.py[line:216] - INFO: Lost: 0
2021-08-05 19:14:50,150 - E:\雷博书\MOT\tracker\tracker.py[line:217] - INFO: Removed: 0
2021-08-05 19:14:50,156 - E:\雷博书\MOT\tracker\tracker.py[line:213] - INFO: ===========Frame 87==========
2021-08-05 19:14:50,156 - E:\雷博书\MOT\tracker\tracker.py[line:214] - INFO: Activated: 8
2021-08-05 19:14:50,156 - E:\雷博书\MOT\tracker\tracker.py[line:215] - INFO: Refind: 0
2021-08-05 19:14:50,156 - E:\雷博书\MOT\tracker\tracker.py[line:216] - INFO: Lost: 0
2021-08-05 19:14:50,156 - E:\雷博书\MOT\tracker\tracker.py[line:217] - INFO: Removed: 0
2021-08-05 19:14:50,164 - E:\雷博书\MOT\tracker\tracker.py[line:213] - INFO: ===========Frame 88==========
2021-08-05 19:14:50,164 - E:\雷博书\MOT\tracker\tracker.py[line:214] - INFO: Activated: 7
2021-08-05 19:14:50,164 - E:\雷博书\MOT\tracker\tracker.py[line:215] - INFO: Refind: 0
2021-08-05 19:14:50,164 - E:\雷博书\MOT\tracker\tracker.py[line:216] - INFO: Lost: 0
2021-08-05 19:14:50,164 - E:\雷博书\MOT\tracker\tracker.py[line:217] - INFO: Removed: 0
2021-08-05 19:14:50,457 - E:\雷博书\MOT\tracker\tracker.py[line:213] - INFO: ===========Frame 89==========
2021-08-05 19:14:50,457 - E:\雷博书\MOT\tracker\tracker.py[line:214] - INFO: Activated: 8
2021-08-05 19:14:50,457 - E:\雷博书\MOT\tracker\tracker.py[line:215] - INFO: Refind: 0
2021-08-05 19:14:50,457 - E:\雷博书\MOT\tracker\tracker.py[line:216] - INFO: Lost: 0
2021-08-05 19:14:50,457 - E:\雷博书\MOT\tracker\tracker.py[line:217] - INFO: Removed: 0
2021-08-05 19:14:50,463 - E:\雷博书\MOT\tracker\tracker.py[line:213] - INFO: ===========Frame 90==========
2021-08-05 19:14:50,464 - E:\雷博书\MOT\tracker\tracker.py[line:214] - INFO: Activated: 7
2021-08-05 19:14:50,464 - E:\雷博书\MOT\tracker\tracker.py[line:215] - INFO: Refind: 0
2021-08-05 19:14:50,464 - E:\雷博书\MOT\tracker\tracker.py[line:216] - INFO: Lost: 0
2021-08-05 19:14:50,464 - E:\雷博书\MOT\tracker\tracker.py[line:217] - INFO: Removed: 0
2021-08-05 19:14:50,470 - E:\雷博书\MOT\tracker\tracker.py[line:213] - INFO: ===========Frame 91==========
2021-08-05 19:14:50,470 - E:\雷博书\MOT\tracker\tracker.py[line:214] - INFO: Activated: 8
2021-08-05 19:14:50,471 - E:\雷博书\MOT\tracker\tracker.py[line:215] - INFO: Refind: 0
2021-08-05 19:14:50,471 - E:\雷博书\MOT\tracker\tracker.py[line:216] - INFO: Lost: 0
2021-08-05 19:14:50,471 - E:\雷博书\MOT\tracker\tracker.py[line:217] - INFO: Removed: 0
2021-08-05 19:14:50,476 - E:\雷博书\MOT\tracker\tracker.py[line:213] - INFO: ===========Frame 92==========
2021-08-05 19:14:50,476 - E:\雷博书\MOT\tracker\tracker.py[line:214] - INFO: Activated: 8
2021-08-05 19:14:50,476 - E:\雷博书\MOT\tracker\tracker.py[line:215] - INFO: Refind: 0
2021-08-05 19:14:50,476 - E:\雷博书\MOT\tracker\tracker.py[line:216] - INFO: Lost: 0
2021-08-05 19:14:50,477 - E:\雷博书\MOT\tracker\tracker.py[line:217] - INFO: Removed: 0
2021-08-05 19:14:50,767 - E:\雷博书\MOT\tracker\tracker.py[line:213] - INFO: ===========Frame 93==========
2021-08-05 19:14:50,767 - E:\雷博书\MOT\tracker\tracker.py[line:214] - INFO: Activated: 8
2021-08-05 19:14:50,768 - E:\雷博书\MOT\tracker\tracker.py[line:215] - INFO: Refind: 0
2021-08-05 19:14:50,768 - E:\雷博书\MOT\tracker\tracker.py[line:216] - INFO: Lost: 0
2021-08-05 19:14:50,768 - E:\雷博书\MOT\tracker\tracker.py[line:217] - INFO: Removed: 0
2021-08-05 19:14:50,774 - E:\雷博书\MOT\tracker\tracker.py[line:213] - INFO: ===========Frame 94==========
2021-08-05 19:14:50,774 - E:\雷博书\MOT\tracker\tracker.py[line:214] - INFO: Activated: 8
2021-08-05 19:14:50,774 - E:\雷博书\MOT\tracker\tracker.py[line:215] - INFO: Refind: 0
2021-08-05 19:14:50,774 - E:\雷博书\MOT\tracker\tracker.py[line:216] - INFO: Lost: 0
2021-08-05 19:14:50,774 - E:\雷博书\MOT\tracker\tracker.py[line:217] - INFO: Removed: 0
2021-08-05 19:14:50,780 - E:\雷博书\MOT\tracker\tracker.py[line:213] - INFO: ===========Frame 95==========
2021-08-05 19:14:50,780 - E:\雷博书\MOT\tracker\tracker.py[line:214] - INFO: Activated: 8
2021-08-05 19:14:50,780 - E:\雷博书\MOT\tracker\tracker.py[line:215] - INFO: Refind: 0
2021-08-05 19:14:50,780 - E:\雷博书\MOT\tracker\tracker.py[line:216] - INFO: Lost: 0
2021-08-05 19:14:50,781 - E:\雷博书\MOT\tracker\tracker.py[line:217] - INFO: Removed: 0
2021-08-05 19:14:50,787 - E:\雷博书\MOT\tracker\tracker.py[line:213] - INFO: ===========Frame 96==========
2021-08-05 19:14:50,787 - E:\雷博书\MOT\tracker\tracker.py[line:214] - INFO: Activated: 8
2021-08-05 19:14:50,787 - E:\雷博书\MOT\tracker\tracker.py[line:215] - INFO: Refind: 0
2021-08-05 19:14:50,788 - E:\雷博书\MOT\tracker\tracker.py[line:216] - INFO: Lost: 0
2021-08-05 19:14:50,788 - E:\雷博书\MOT\tracker\tracker.py[line:217] - INFO: Removed: 0
2021-08-05 19:14:51,076 - E:\雷博书\MOT\tracker\tracker.py[line:213] - INFO: ===========Frame 97==========
2021-08-05 19:14:51,076 - E:\雷博书\MOT\tracker\tracker.py[line:214] - INFO: Activated: 7
2021-08-05 19:14:51,077 - E:\雷博书\MOT\tracker\tracker.py[line:215] - INFO: Refind: 0
2021-08-05 19:14:51,077 - E:\雷博书\MOT\tracker\tracker.py[line:216] - INFO: Lost: 0
2021-08-05 19:14:51,077 - E:\雷博书\MOT\tracker\tracker.py[line:217] - INFO: Removed: 0
2021-08-05 19:14:51,083 - E:\雷博书\MOT\tracker\tracker.py[line:213] - INFO: ===========Frame 98==========
2021-08-05 19:14:51,083 - E:\雷博书\MOT\tracker\tracker.py[line:214] - INFO: Activated: 7
2021-08-05 19:14:51,083 - E:\雷博书\MOT\tracker\tracker.py[line:215] - INFO: Refind: 0
2021-08-05 19:14:51,083 - E:\雷博书\MOT\tracker\tracker.py[line:216] - INFO: Lost: 0
2021-08-05 19:14:51,083 - E:\雷博书\MOT\tracker\tracker.py[line:217] - INFO: Removed: 0
2021-08-05 19:14:51,089 - E:\雷博书\MOT\tracker\tracker.py[line:213] - INFO: ===========Frame 99==========
2021-08-05 19:14:51,090 - E:\雷博书\MOT\tracker\tracker.py[line:214] - INFO: Activated: 7
2021-08-05 19:14:51,090 - E:\雷博书\MOT\tracker\tracker.py[line:215] - INFO: Refind: 0
2021-08-05 19:14:51,090 - E:\雷博书\MOT\tracker\tracker.py[line:216] - INFO: Lost: 0
2021-08-05 19:14:51,090 - E:\雷博书\MOT\tracker\tracker.py[line:217] - INFO: Removed: 0
2021-08-05 19:14:51,096 - E:\雷博书\MOT\tracker\tracker.py[line:213] - INFO: ===========Frame 100==========
2021-08-05 19:14:51,096 - E:\雷博书\MOT\tracker\tracker.py[line:214] - INFO: Activated: 6
2021-08-05 19:14:51,096 - E:\雷博书\MOT\tracker\tracker.py[line:215] - INFO: Refind: 0
2021-08-05 19:14:51,096 - E:\雷博书\MOT\tracker\tracker.py[line:216] - INFO: Lost: 0
2021-08-05 19:14:51,096 - E:\雷博书\MOT\tracker\tracker.py[line:217] - INFO: Removed: 0
2021-08-05 19:14:51,389 - E:\雷博书\MOT\tracker\tracker.py[line:213] - INFO: ===========Frame 101==========
2021-08-05 19:14:51,389 - E:\雷博书\MOT\tracker\tracker.py[line:214] - INFO: Activated: 7
2021-08-05 19:14:51,389 - E:\雷博书\MOT\tracker\tracker.py[line:215] - INFO: Refind: 0
2021-08-05 19:14:51,389 - E:\雷博书\MOT\tracker\tracker.py[line:216] - INFO: Lost: 0
2021-08-05 19:14:51,389 - E:\雷博书\MOT\tracker\tracker.py[line:217] - INFO: Removed: 0
2021-08-05 19:14:51,395 - E:\雷博书\MOT\tracker\tracker.py[line:213] - INFO: ===========Frame 102==========
2021-08-05 19:14:51,395 - E:\雷博书\MOT\tracker\tracker.py[line:214] - INFO: Activated: 6
2021-08-05 19:14:51,395 - E:\雷博书\MOT\tracker\tracker.py[line:215] - INFO: Refind: 0
2021-08-05 19:14:51,395 - E:\雷博书\MOT\tracker\tracker.py[line:216] - INFO: Lost: 0
2021-08-05 19:14:51,396 - E:\雷博书\MOT\tracker\tracker.py[line:217] - INFO: Removed: 0
2021-08-05 19:14:51,402 - E:\雷博书\MOT\tracker\tracker.py[line:213] - INFO: ===========Frame 103==========
2021-08-05 19:14:51,402 - E:\雷博书\MOT\tracker\tracker.py[line:214] - INFO: Activated: 7
2021-08-05 19:14:51,402 - E:\雷博书\MOT\tracker\tracker.py[line:215] - INFO: Refind: 0
2021-08-05 19:14:51,402 - E:\雷博书\MOT\tracker\tracker.py[line:216] - INFO: Lost: 0
2021-08-05 19:14:51,403 - E:\雷博书\MOT\tracker\tracker.py[line:217] - INFO: Removed: 0
2021-08-05 19:14:51,408 - E:\雷博书\MOT\tracker\tracker.py[line:213] - INFO: ===========Frame 104==========
2021-08-05 19:14:51,409 - E:\雷博书\MOT\tracker\tracker.py[line:214] - INFO: Activated: 7
2021-08-05 19:14:51,409 - E:\雷博书\MOT\tracker\tracker.py[line:215] - INFO: Refind: 0
2021-08-05 19:14:51,409 - E:\雷博书\MOT\tracker\tracker.py[line:216] - INFO: Lost: 0
2021-08-05 19:14:51,409 - E:\雷博书\MOT\tracker\tracker.py[line:217] - INFO: Removed: 0
2021-08-05 19:14:51,707 - E:\雷博书\MOT\tracker\tracker.py[line:213] - INFO: ===========Frame 105==========
2021-08-05 19:14:51,707 - E:\雷博书\MOT\tracker\tracker.py[line:214] - INFO: Activated: 7
2021-08-05 19:14:51,707 - E:\雷博书\MOT\tracker\tracker.py[line:215] - INFO: Refind: 0
2021-08-05 19:14:51,707 - E:\雷博书\MOT\tracker\tracker.py[line:216] - INFO: Lost: 0
2021-08-05 19:14:51,707 - E:\雷博书\MOT\tracker\tracker.py[line:217] - INFO: Removed: 0
2021-08-05 19:14:51,714 - E:\雷博书\MOT\tracker\tracker.py[line:213] - INFO: ===========Frame 106==========
2021-08-05 19:14:51,714 - E:\雷博书\MOT\tracker\tracker.py[line:214] - INFO: Activated: 5
2021-08-05 19:14:51,714 - E:\雷博书\MOT\tracker\tracker.py[line:215] - INFO: Refind: 0
2021-08-05 19:14:51,714 - E:\雷博书\MOT\tracker\tracker.py[line:216] - INFO: Lost: 0
2021-08-05 19:14:51,714 - E:\雷博书\MOT\tracker\tracker.py[line:217] - INFO: Removed: 0
2021-08-05 19:14:51,720 - E:\雷博书\MOT\tracker\tracker.py[line:213] - INFO: ===========Frame 107==========
2021-08-05 19:14:51,721 - E:\雷博书\MOT\tracker\tracker.py[line:214] - INFO: Activated: 7
2021-08-05 19:14:51,721 - E:\雷博书\MOT\tracker\tracker.py[line:215] - INFO: Refind: 0
2021-08-05 19:14:51,721 - E:\雷博书\MOT\tracker\tracker.py[line:216] - INFO: Lost: 0
2021-08-05 19:14:51,721 - E:\雷博书\MOT\tracker\tracker.py[line:217] - INFO: Removed: 0
2021-08-05 19:14:51,726 - E:\雷博书\MOT\tracker\tracker.py[line:213] - INFO: ===========Frame 108==========
2021-08-05 19:14:51,727 - E:\雷博书\MOT\tracker\tracker.py[line:214] - INFO: Activated: 5
2021-08-05 19:14:51,727 - E:\雷博书\MOT\tracker\tracker.py[line:215] - INFO: Refind: 0
2021-08-05 19:14:51,727 - E:\雷博书\MOT\tracker\tracker.py[line:216] - INFO: Lost: 0
2021-08-05 19:14:51,727 - E:\雷博书\MOT\tracker\tracker.py[line:217] - INFO: Removed: 0
2021-08-05 19:14:52,021 - E:\雷博书\MOT\tracker\tracker.py[line:213] - INFO: ===========Frame 109==========
2021-08-05 19:14:52,021 - E:\雷博书\MOT\tracker\tracker.py[line:214] - INFO: Activated: 5
2021-08-05 19:14:52,021 - E:\雷博书\MOT\tracker\tracker.py[line:215] - INFO: Refind: 0
2021-08-05 19:14:52,021 - E:\雷博书\MOT\tracker\tracker.py[line:216] - INFO: Lost: 0
2021-08-05 19:14:52,022 - E:\雷博书\MOT\tracker\tracker.py[line:217] - INFO: Removed: 0
2021-08-05 19:14:52,027 - E:\雷博书\MOT\tracker\tracker.py[line:213] - INFO: ===========Frame 110==========
2021-08-05 19:14:52,027 - E:\雷博书\MOT\tracker\tracker.py[line:214] - INFO: Activated: 5
2021-08-05 19:14:52,028 - E:\雷博书\MOT\tracker\tracker.py[line:215] - INFO: Refind: 0
2021-08-05 19:14:52,028 - E:\雷博书\MOT\tracker\tracker.py[line:216] - INFO: Lost: 0
2021-08-05 19:14:52,028 - E:\雷博书\MOT\tracker\tracker.py[line:217] - INFO: Removed: 0
2021-08-05 19:14:52,034 - E:\雷博书\MOT\tracker\tracker.py[line:213] - INFO: ===========Frame 111==========
2021-08-05 19:14:52,034 - E:\雷博书\MOT\tracker\tracker.py[line:214] - INFO: Activated: 6
2021-08-05 19:14:52,034 - E:\雷博书\MOT\tracker\tracker.py[line:215] - INFO: Refind: 0
2021-08-05 19:14:52,034 - E:\雷博书\MOT\tracker\tracker.py[line:216] - INFO: Lost: 0
2021-08-05 19:14:52,034 - E:\雷博书\MOT\tracker\tracker.py[line:217] - INFO: Removed: 0
2021-08-05 19:14:52,040 - E:\雷博书\MOT\tracker\tracker.py[line:213] - INFO: ===========Frame 112==========
2021-08-05 19:14:52,040 - E:\雷博书\MOT\tracker\tracker.py[line:214] - INFO: Activated: 5
2021-08-05 19:14:52,041 - E:\雷博书\MOT\tracker\tracker.py[line:215] - INFO: Refind: 0
2021-08-05 19:14:52,041 - E:\雷博书\MOT\tracker\tracker.py[line:216] - INFO: Lost: 3
2021-08-05 19:14:52,041 - E:\雷博书\MOT\tracker\tracker.py[line:217] - INFO: Removed: 0
2021-08-05 19:14:52,337 - E:\雷博书\MOT\tracker\tracker.py[line:213] - INFO: ===========Frame 113==========
2021-08-05 19:14:52,338 - E:\雷博书\MOT\tracker\tracker.py[line:214] - INFO: Activated: 5
2021-08-05 19:14:52,338 - E:\雷博书\MOT\tracker\tracker.py[line:215] - INFO: Refind: 1
2021-08-05 19:14:52,338 - E:\雷博书\MOT\tracker\tracker.py[line:216] - INFO: Lost: 0
2021-08-05 19:14:52,338 - E:\雷博书\MOT\tracker\tracker.py[line:217] - INFO: Removed: 0
2021-08-05 19:14:52,344 - E:\雷博书\MOT\tracker\tracker.py[line:213] - INFO: ===========Frame 114==========
2021-08-05 19:14:52,344 - E:\雷博书\MOT\tracker\tracker.py[line:214] - INFO: Activated: 3
2021-08-05 19:14:52,344 - E:\雷博书\MOT\tracker\tracker.py[line:215] - INFO: Refind: 1
2021-08-05 19:14:52,344 - E:\雷博书\MOT\tracker\tracker.py[line:216] - INFO: Lost: 3
2021-08-05 19:14:52,344 - E:\雷博书\MOT\tracker\tracker.py[line:217] - INFO: Removed: 0
2021-08-05 19:14:52,350 - E:\雷博书\MOT\tracker\tracker.py[line:213] - INFO: ===========Frame 115==========
2021-08-05 19:14:52,350 - E:\雷博书\MOT\tracker\tracker.py[line:214] - INFO: Activated: 4
2021-08-05 19:14:52,350 - E:\雷博书\MOT\tracker\tracker.py[line:215] - INFO: Refind: 0
2021-08-05 19:14:52,350 - E:\雷博书\MOT\tracker\tracker.py[line:216] - INFO: Lost: 0
2021-08-05 19:14:52,350 - E:\雷博书\MOT\tracker\tracker.py[line:217] - INFO: Removed: 0
2021-08-05 19:14:52,356 - E:\雷博书\MOT\tracker\tracker.py[line:213] - INFO: ===========Frame 116==========
2021-08-05 19:14:52,356 - E:\雷博书\MOT\tracker\tracker.py[line:214] - INFO: Activated: 4
2021-08-05 19:14:52,356 - E:\雷博书\MOT\tracker\tracker.py[line:215] - INFO: Refind: 0
2021-08-05 19:14:52,356 - E:\雷博书\MOT\tracker\tracker.py[line:216] - INFO: Lost: 0
2021-08-05 19:14:52,356 - E:\雷博书\MOT\tracker\tracker.py[line:217] - INFO: Removed: 0
2021-08-05 19:14:52,647 - E:\雷博书\MOT\tracker\tracker.py[line:213] - INFO: ===========Frame 117==========
2021-08-05 19:14:52,647 - E:\雷博书\MOT\tracker\tracker.py[line:214] - INFO: Activated: 4
2021-08-05 19:14:52,648 - E:\雷博书\MOT\tracker\tracker.py[line:215] - INFO: Refind: 3
2021-08-05 19:14:52,648 - E:\雷博书\MOT\tracker\tracker.py[line:216] - INFO: Lost: 0
2021-08-05 19:14:52,648 - E:\雷博书\MOT\tracker\tracker.py[line:217] - INFO: Removed: 0
2021-08-05 19:14:52,654 - E:\雷博书\MOT\tracker\tracker.py[line:213] - INFO: ===========Frame 118==========
2021-08-05 19:14:52,654 - E:\雷博书\MOT\tracker\tracker.py[line:214] - INFO: Activated: 4
2021-08-05 19:14:52,654 - E:\雷博书\MOT\tracker\tracker.py[line:215] - INFO: Refind: 0
2021-08-05 19:14:52,655 - E:\雷博书\MOT\tracker\tracker.py[line:216] - INFO: Lost: 3
2021-08-05 19:14:52,655 - E:\雷博书\MOT\tracker\tracker.py[line:217] - INFO: Removed: 0
2021-08-05 19:14:52,660 - E:\雷博书\MOT\tracker\tracker.py[line:213] - INFO: ===========Frame 119==========
2021-08-05 19:14:52,661 - E:\雷博书\MOT\tracker\tracker.py[line:214] - INFO: Activated: 4
2021-08-05 19:14:52,661 - E:\雷博书\MOT\tracker\tracker.py[line:215] - INFO: Refind: 0
2021-08-05 19:14:52,661 - E:\雷博书\MOT\tracker\tracker.py[line:216] - INFO: Lost: 0
2021-08-05 19:14:52,661 - E:\雷博书\MOT\tracker\tracker.py[line:217] - INFO: Removed: 0
2021-08-05 19:14:52,666 - E:\雷博书\MOT\tracker\tracker.py[line:213] - INFO: ===========Frame 120==========
2021-08-05 19:14:52,666 - E:\雷博书\MOT\tracker\tracker.py[line:214] - INFO: Activated: 4
2021-08-05 19:14:52,666 - E:\雷博书\MOT\tracker\tracker.py[line:215] - INFO: Refind: 0
2021-08-05 19:14:52,666 - E:\雷博书\MOT\tracker\tracker.py[line:216] - INFO: Lost: 0
2021-08-05 19:14:52,666 - E:\雷博书\MOT\tracker\tracker.py[line:217] - INFO: Removed: 0
2021-08-05 19:14:52,964 - E:\雷博书\MOT\tracker\tracker.py[line:213] - INFO: ===========Frame 121==========
2021-08-05 19:14:52,965 - E:\雷博书\MOT\tracker\tracker.py[line:214] - INFO: Activated: 3
2021-08-05 19:14:52,965 - E:\雷博书\MOT\tracker\tracker.py[line:215] - INFO: Refind: 1
2021-08-05 19:14:52,965 - E:\雷博书\MOT\tracker\tracker.py[line:216] - INFO: Lost: 0
2021-08-05 19:14:52,965 - E:\雷博书\MOT\tracker\tracker.py[line:217] - INFO: Removed: 0
2021-08-05 19:14:52,971 - E:\雷博书\MOT\tracker\tracker.py[line:213] - INFO: ===========Frame 122==========
2021-08-05 19:14:52,971 - E:\雷博书\MOT\tracker\tracker.py[line:214] - INFO: Activated: 4
2021-08-05 19:14:52,971 - E:\雷博书\MOT\tracker\tracker.py[line:215] - INFO: Refind: 0
2021-08-05 19:14:52,971 - E:\雷博书\MOT\tracker\tracker.py[line:216] - INFO: Lost: 0
2021-08-05 19:14:52,971 - E:\雷博书\MOT\tracker\tracker.py[line:217] - INFO: Removed: 0
2021-08-05 19:14:52,977 - E:\雷博书\MOT\tracker\tracker.py[line:213] - INFO: ===========Frame 123==========
2021-08-05 19:14:52,977 - E:\雷博书\MOT\tracker\tracker.py[line:214] - INFO: Activated: 4
2021-08-05 19:14:52,977 - E:\雷博书\MOT\tracker\tracker.py[line:215] - INFO: Refind: 0
2021-08-05 19:14:52,977 - E:\雷博书\MOT\tracker\tracker.py[line:216] - INFO: Lost: 0
2021-08-05 19:14:52,977 - E:\雷博书\MOT\tracker\tracker.py[line:217] - INFO: Removed: 0
